2017-06-08 15:00:29.028 INFO [main] org.redkale.boot.Application <init>
------------------------------- Redkale -------------------------------
2017-06-08 15:00:29.028 INFO [main] org.redkale.boot.Application init
APP_HOME= D:\mars-workspace\HttpProxy
APP_ADDR= 192.168.149.1
2017-06-08 15:00:29.967 FINE [HTTP-*:16060-Thread] org.apache.commons.logging.impl.Jdk14Logger log
Set parameter http.useragent = Jakarta Commons-HttpClient/3.0.1
2017-06-08 15:00:29.969 FINE [HTTP-*:16060-Thread] org.apache.commons.logging.impl.Jdk14Logger log
Set parameter http.protocol.version = HTTP/1.1
2017-06-08 15:00:29.971 FINE [HTTP-*:16060-Thread] org.apache.commons.logging.impl.Jdk14Logger log
Set parameter http.connection-manager.class = class org.apache.commons.httpclient.SimpleHttpConnectionManager
2017-06-08 15:00:29.973 FINE [HTTP-*:16060-Thread] org.apache.commons.logging.impl.Jdk14Logger log
Set parameter http.protocol.cookie-policy = rfc2109
2017-06-08 15:00:29.973 FINE [HTTP-*:16060-Thread] org.apache.commons.logging.impl.Jdk14Logger log
Set parameter http.protocol.element-charset = US-ASCII
2017-06-08 15:00:29.974 FINE [HTTP-*:16060-Thread] org.apache.commons.logging.impl.Jdk14Logger log
Set parameter http.protocol.content-charset = ISO-8859-1
2017-06-08 15:00:29.974 FINE [HTTP-*:16060-Thread] org.apache.commons.logging.impl.Jdk14Logger log
Set parameter http.method.retry-handler = org.apache.commons.httpclient.DefaultHttpMethodRetryHandler@95641e
2017-06-08 15:00:29.974 FINE [HTTP-*:16060-Thread] org.apache.commons.logging.impl.Jdk14Logger log
Set parameter http.dateparser.patterns = [EEE, dd MMM yyyy HH:mm:ss zzz, EEEE, dd-MMM-yy HH:mm:ss zzz, EEE MMM d HH:mm:ss yyyy, EEE, dd-MMM-yyyy HH:mm:ss z, EEE, dd-MMM-yyyy HH-mm-ss z, EEE, dd MMM yy HH:mm:ss z, EEE dd-MMM-yyyy HH:mm:ss z, EEE dd MMM yyyy HH:mm:ss z, EEE dd-MMM-yyyy HH-mm-ss z, EEE dd-MMM-yy HH:mm:ss z, EEE dd MMM yy HH:mm:ss z, EEE,dd-MMM-yy HH:mm:ss z, EEE,dd-MMM-yyyy HH:mm:ss z, EEE, dd-MM-yyyy HH:mm:ss z]
2017-06-08 15:00:29.974 FINE [HTTP-*:16060-Thread] org.apache.commons.logging.impl.Jdk14Logger log
Java version: 1.8.0_25
2017-06-08 15:00:29.975 FINE [HTTP-*:16060-Thread] org.apache.commons.logging.impl.Jdk14Logger log
Java vendor: Oracle Corporation
2017-06-08 15:00:29.975 FINE [HTTP-*:16060-Thread] org.apache.commons.logging.impl.Jdk14Logger log
Java class path: D:\mars-workspace\HttpProxy\target\classes;D:\mars-workspace\HttpProxy\lib\redkale-1.0.jar;D:\mars-workspace\HttpProxy\lib\redkale-plugins-1.0.jar;D:\mars-workspace\HttpProxy\lib\fastjson-1.1.40.jar;D:\mars-workspace\HttpProxy\lib\guava-17.0.jar;D:\mars-workspace\HttpProxy\lib\httpclient-4.3.4.jar;D:\mars-workspace\HttpProxy\lib\httpclient-cache-4.3.4.jar;D:\mars-workspace\HttpProxy\lib\httpcore-4.3.2.jar;D:\mars-workspace\HttpProxy\lib\commons-httpclient-3.0.1.jar;D:\mars-workspace\HttpProxy\lib\commons-logging-1.1.3.jar;D:\mars-workspace\HttpProxy\lib\commons-codec-1.6.jar
2017-06-08 15:00:29.975 FINE [HTTP-*:16060-Thread] org.apache.commons.logging.impl.Jdk14Logger log
Operating system name: Windows 8.1
2017-06-08 15:00:29.976 FINE [HTTP-*:16060-Thread] org.apache.commons.logging.impl.Jdk14Logger log
Operating system architecture: x86
2017-06-08 15:00:29.976 FINE [HTTP-*:16060-Thread] org.apache.commons.logging.impl.Jdk14Logger log
Operating system version: 6.3
2017-06-08 15:00:30.050 FINE [HTTP-*:16060-Thread] org.apache.commons.logging.impl.Jdk14Logger log
SUN 1.8: SUN (DSA key/parameter generation; DSA signing; SHA-1, MD5 digests; SecureRandom; X.509 certificates; JKS & DKS keystores; PKIX CertPathValidator; PKIX CertPathBuilder; LDAP, Collection CertStores, JavaPolicy Policy; JavaLoginConfig Configuration)
2017-06-08 15:00:30.051 FINE [HTTP-*:16060-Thread] org.apache.commons.logging.impl.Jdk14Logger log
SunRsaSign 1.8: Sun RSA signature provider
2017-06-08 15:00:30.051 FINE [HTTP-*:16060-Thread] org.apache.commons.logging.impl.Jdk14Logger log
SunEC 1.8: Sun Elliptic Curve provider (EC, ECDSA, ECDH)
2017-06-08 15:00:30.052 FINE [HTTP-*:16060-Thread] org.apache.commons.logging.impl.Jdk14Logger log
SunJSSE 1.8: Sun JSSE provider(PKCS12, SunX509/PKIX key/trust factories, SSLv3/TLSv1/TLSv1.1/TLSv1.2)
2017-06-08 15:00:30.054 FINE [HTTP-*:16060-Thread] org.apache.commons.logging.impl.Jdk14Logger log
SunJCE 1.8: SunJCE Provider (implements RSA, DES, Triple DES, AES, Blowfish, ARCFOUR, RC2, PBE, Diffie-Hellman, HMAC)
2017-06-08 15:00:30.054 FINE [HTTP-*:16060-Thread] org.apache.commons.logging.impl.Jdk14Logger log
SunJGSS 1.8: Sun (Kerberos v5, SPNEGO)
2017-06-08 15:00:30.054 FINE [HTTP-*:16060-Thread] org.apache.commons.logging.impl.Jdk14Logger log
SunSASL 1.8: Sun SASL provider(implements client mechanisms for: DIGEST-MD5, GSSAPI, EXTERNAL, PLAIN, CRAM-MD5, NTLM; server mechanisms for: DIGEST-MD5, GSSAPI, CRAM-MD5, NTLM)
2017-06-08 15:00:30.057 FINE [HTTP-*:16060-Thread] org.apache.commons.logging.impl.Jdk14Logger log
XMLDSig 1.8: XMLDSig (DOM XMLSignatureFactory; DOM KeyInfoFactory; C14N 1.0, C14N 1.1, Exclusive C14N, Base64, Enveloped, XPath, XPath2, XSLT TransformServices)
2017-06-08 15:00:30.057 FINE [HTTP-*:16060-Thread] org.apache.commons.logging.impl.Jdk14Logger log
SunPCSC 1.8: Sun PC/SC provider
2017-06-08 15:00:30.057 FINE [HTTP-*:16060-Thread] org.apache.commons.logging.impl.Jdk14Logger log
SunMSCAPI 1.8: Sun's Microsoft Crypto API provider
2017-06-08 15:00:30.210 FINE [HTTP-*:16060-Thread] org.apache.commons.logging.impl.Jdk14Logger log
Set parameter http.connection-manager.max-per-host = {HostConfiguration[]=30}
2017-06-08 15:00:30.210 FINE [HTTP-*:16060-Thread] org.apache.commons.logging.impl.Jdk14Logger log
Set parameter http.connection-manager.max-total = 80
2017-06-08 15:00:30.211 FINE [Thread-10] org.apache.commons.logging.impl.Jdk14Logger log
Checking for connections, idleTimeout: 1496905170210
2017-06-08 15:00:30.218 INFO [HTTP-*:16060-Thread] org.redkale.boot.NodeServer init
NodeHttpServer load filter class in 1118 ms
2017-06-08 15:00:30.235 INFO [HTTP-*:16060-Thread] org.redkale.boot.NodeHttpServer loadHttpServlet
[HTTP-*:16060-Thread]  Load com.httpproxy.server.servlet.HttpProxyServlet  mapping to  [/http/proxy/*]

2017-06-08 15:00:30.245 INFO [HTTP-*:16060-Thread] org.redkale.net.Server start
[HTTP-*:16060-Thread] HttpServer listen: /0.0.0.0:16060, threads: 64, bufferCapacity: 16400, bufferPoolSize: 2048, responsePoolSize: 1024, started in 1321 ms
2017-06-08 15:00:30.245 INFO [main] org.redkale.boot.Application start
Application started in 1321 ms
2017-06-08 15:00:31.212 FINE [Thread-10] org.apache.commons.logging.impl.Jdk14Logger log
Checking for connections, idleTimeout: 1496905171211
2017-06-08 15:00:32.213 FINE [Thread-10] org.apache.commons.logging.impl.Jdk14Logger log
Checking for connections, idleTimeout: 1496905172212
2017-06-08 15:00:33.214 FINE [Thread-10] org.apache.commons.logging.impl.Jdk14Logger log
Checking for connections, idleTimeout: 1496905173213
2017-06-08 15:00:34.215 FINE [Thread-10] org.apache.commons.logging.impl.Jdk14Logger log
Checking for connections, idleTimeout: 1496905174214
2017-06-08 15:00:35.216 FINE [Thread-10] org.apache.commons.logging.impl.Jdk14Logger log
Checking for connections, idleTimeout: 1496905175215
2017-06-08 15:00:36.216 FINE [Thread-10] org.apache.commons.logging.impl.Jdk14Logger log
Checking for connections, idleTimeout: 1496905176216
2017-06-08 15:00:37.217 FINE [Thread-10] org.apache.commons.logging.impl.Jdk14Logger log
Checking for connections, idleTimeout: 1496905177216
2017-06-08 15:00:38.218 FINE [Thread-10] org.apache.commons.logging.impl.Jdk14Logger log
Checking for connections, idleTimeout: 1496905178217
2017-06-08 15:00:39.221 FINE [Thread-10] org.apache.commons.logging.impl.Jdk14Logger log
Checking for connections, idleTimeout: 1496905179219
2017-06-08 15:00:40.222 FINE [Thread-10] org.apache.commons.logging.impl.Jdk14Logger log
Checking for connections, idleTimeout: 1496905180221
2017-06-08 15:02:37.658 INFO [main] org.redkale.boot.Application <init>
------------------------------- Redkale -------------------------------
2017-06-08 15:02:37.658 INFO [main] org.redkale.boot.Application init
APP_HOME= D:\mars-workspace\HttpProxy
APP_ADDR= 192.168.149.1
2017-06-08 15:02:38.470 FINE [HTTP-*:16060-Thread] org.apache.commons.logging.impl.Jdk14Logger log
Set parameter http.useragent = Jakarta Commons-HttpClient/3.0.1
2017-06-08 15:02:38.470 FINE [HTTP-*:16060-Thread] org.apache.commons.logging.impl.Jdk14Logger log
Set parameter http.protocol.version = HTTP/1.1
2017-06-08 15:02:38.472 FINE [HTTP-*:16060-Thread] org.apache.commons.logging.impl.Jdk14Logger log
Set parameter http.connection-manager.class = class org.apache.commons.httpclient.SimpleHttpConnectionManager
2017-06-08 15:02:38.472 FINE [HTTP-*:16060-Thread] org.apache.commons.logging.impl.Jdk14Logger log
Set parameter http.protocol.cookie-policy = rfc2109
2017-06-08 15:02:38.472 FINE [HTTP-*:16060-Thread] org.apache.commons.logging.impl.Jdk14Logger log
Set parameter http.protocol.element-charset = US-ASCII
2017-06-08 15:02:38.473 FINE [HTTP-*:16060-Thread] org.apache.commons.logging.impl.Jdk14Logger log
Set parameter http.protocol.content-charset = ISO-8859-1
2017-06-08 15:02:38.473 FINE [HTTP-*:16060-Thread] org.apache.commons.logging.impl.Jdk14Logger log
Set parameter http.method.retry-handler = org.apache.commons.httpclient.DefaultHttpMethodRetryHandler@319fee
2017-06-08 15:02:38.473 FINE [HTTP-*:16060-Thread] org.apache.commons.logging.impl.Jdk14Logger log
Set parameter http.dateparser.patterns = [EEE, dd MMM yyyy HH:mm:ss zzz, EEEE, dd-MMM-yy HH:mm:ss zzz, EEE MMM d HH:mm:ss yyyy, EEE, dd-MMM-yyyy HH:mm:ss z, EEE, dd-MMM-yyyy HH-mm-ss z, EEE, dd MMM yy HH:mm:ss z, EEE dd-MMM-yyyy HH:mm:ss z, EEE dd MMM yyyy HH:mm:ss z, EEE dd-MMM-yyyy HH-mm-ss z, EEE dd-MMM-yy HH:mm:ss z, EEE dd MMM yy HH:mm:ss z, EEE,dd-MMM-yy HH:mm:ss z, EEE,dd-MMM-yyyy HH:mm:ss z, EEE, dd-MM-yyyy HH:mm:ss z]
2017-06-08 15:02:38.474 FINE [HTTP-*:16060-Thread] org.apache.commons.logging.impl.Jdk14Logger log
Java version: 1.8.0_25
2017-06-08 15:02:38.475 FINE [HTTP-*:16060-Thread] org.apache.commons.logging.impl.Jdk14Logger log
Java vendor: Oracle Corporation
2017-06-08 15:02:38.475 FINE [HTTP-*:16060-Thread] org.apache.commons.logging.impl.Jdk14Logger log
Java class path: D:\mars-workspace\HttpProxy\target\classes;D:\mars-workspace\HttpProxy\lib\redkale-1.0.jar;D:\mars-workspace\HttpProxy\lib\redkale-plugins-1.0.jar;D:\mars-workspace\HttpProxy\lib\fastjson-1.1.40.jar;D:\mars-workspace\HttpProxy\lib\guava-17.0.jar;D:\mars-workspace\HttpProxy\lib\httpclient-4.3.4.jar;D:\mars-workspace\HttpProxy\lib\httpclient-cache-4.3.4.jar;D:\mars-workspace\HttpProxy\lib\httpcore-4.3.2.jar;D:\mars-workspace\HttpProxy\lib\commons-httpclient-3.0.1.jar;D:\mars-workspace\HttpProxy\lib\commons-logging-1.1.3.jar;D:\mars-workspace\HttpProxy\lib\commons-codec-1.6.jar
2017-06-08 15:02:38.475 FINE [HTTP-*:16060-Thread] org.apache.commons.logging.impl.Jdk14Logger log
Operating system name: Windows 8.1
2017-06-08 15:02:38.476 FINE [HTTP-*:16060-Thread] org.apache.commons.logging.impl.Jdk14Logger log
Operating system architecture: x86
2017-06-08 15:02:38.476 FINE [HTTP-*:16060-Thread] org.apache.commons.logging.impl.Jdk14Logger log
Operating system version: 6.3
2017-06-08 15:02:38.486 FINE [HTTP-*:16060-Thread] org.apache.commons.logging.impl.Jdk14Logger log
SUN 1.8: SUN (DSA key/parameter generation; DSA signing; SHA-1, MD5 digests; SecureRandom; X.509 certificates; JKS & DKS keystores; PKIX CertPathValidator; PKIX CertPathBuilder; LDAP, Collection CertStores, JavaPolicy Policy; JavaLoginConfig Configuration)
2017-06-08 15:02:38.486 FINE [HTTP-*:16060-Thread] org.apache.commons.logging.impl.Jdk14Logger log
SunRsaSign 1.8: Sun RSA signature provider
2017-06-08 15:02:38.486 FINE [HTTP-*:16060-Thread] org.apache.commons.logging.impl.Jdk14Logger log
SunEC 1.8: Sun Elliptic Curve provider (EC, ECDSA, ECDH)
2017-06-08 15:02:38.487 FINE [HTTP-*:16060-Thread] org.apache.commons.logging.impl.Jdk14Logger log
SunJSSE 1.8: Sun JSSE provider(PKCS12, SunX509/PKIX key/trust factories, SSLv3/TLSv1/TLSv1.1/TLSv1.2)
2017-06-08 15:02:38.487 FINE [HTTP-*:16060-Thread] org.apache.commons.logging.impl.Jdk14Logger log
SunJCE 1.8: SunJCE Provider (implements RSA, DES, Triple DES, AES, Blowfish, ARCFOUR, RC2, PBE, Diffie-Hellman, HMAC)
2017-06-08 15:02:38.487 FINE [HTTP-*:16060-Thread] org.apache.commons.logging.impl.Jdk14Logger log
SunJGSS 1.8: Sun (Kerberos v5, SPNEGO)
2017-06-08 15:02:38.487 FINE [HTTP-*:16060-Thread] org.apache.commons.logging.impl.Jdk14Logger log
SunSASL 1.8: Sun SASL provider(implements client mechanisms for: DIGEST-MD5, GSSAPI, EXTERNAL, PLAIN, CRAM-MD5, NTLM; server mechanisms for: DIGEST-MD5, GSSAPI, CRAM-MD5, NTLM)
2017-06-08 15:02:38.488 FINE [HTTP-*:16060-Thread] org.apache.commons.logging.impl.Jdk14Logger log
XMLDSig 1.8: XMLDSig (DOM XMLSignatureFactory; DOM KeyInfoFactory; C14N 1.0, C14N 1.1, Exclusive C14N, Base64, Enveloped, XPath, XPath2, XSLT TransformServices)
2017-06-08 15:02:38.488 FINE [HTTP-*:16060-Thread] org.apache.commons.logging.impl.Jdk14Logger log
SunPCSC 1.8: Sun PC/SC provider
2017-06-08 15:02:38.488 FINE [HTTP-*:16060-Thread] org.apache.commons.logging.impl.Jdk14Logger log
SunMSCAPI 1.8: Sun's Microsoft Crypto API provider
2017-06-08 15:02:38.622 FINE [HTTP-*:16060-Thread] org.apache.commons.logging.impl.Jdk14Logger log
Set parameter http.connection-manager.max-per-host = {HostConfiguration[]=30}
2017-06-08 15:02:38.622 FINE [HTTP-*:16060-Thread] org.apache.commons.logging.impl.Jdk14Logger log
Set parameter http.connection-manager.max-total = 80
2017-06-08 15:02:38.623 FINE [Thread-10] org.apache.commons.logging.impl.Jdk14Logger log
Checking for connections, idleTimeout: 1496905298622
2017-06-08 15:02:38.628 INFO [HTTP-*:16060-Thread] org.redkale.boot.NodeServer init
NodeHttpServer load filter class in 904 ms
2017-06-08 15:02:38.641 INFO [HTTP-*:16060-Thread] org.redkale.boot.NodeHttpServer loadHttpServlet
[HTTP-*:16060-Thread]  Load com.httpproxy.server.servlet.HttpProxyServlet  mapping to  [/http/proxy/*]

2017-06-08 15:02:38.648 INFO [HTTP-*:16060-Thread] org.redkale.net.Server start
[HTTP-*:16060-Thread] HttpServer listen: /0.0.0.0:16060, threads: 64, bufferCapacity: 16400, bufferPoolSize: 2048, responsePoolSize: 1024, started in 1093 ms
2017-06-08 15:02:38.649 INFO [main] org.redkale.boot.Application start
Application started in 1093 ms
2017-06-08 15:02:39.625 FINE [Thread-10] org.apache.commons.logging.impl.Jdk14Logger log
Checking for connections, idleTimeout: 1496905299624
2017-06-08 15:02:40.626 FINE [Thread-10] org.apache.commons.logging.impl.Jdk14Logger log
Checking for connections, idleTimeout: 1496905300625
2017-06-08 15:02:41.627 FINE [Thread-10] org.apache.commons.logging.impl.Jdk14Logger log
Checking for connections, idleTimeout: 1496905301626
2017-06-08 15:03:40.189 INFO [main] org.redkale.boot.Application <init>
------------------------------- Redkale -------------------------------
2017-06-08 15:03:40.189 INFO [main] org.redkale.boot.Application init
APP_HOME= D:\mars-workspace\HttpProxy
APP_ADDR= 192.168.149.1
2017-06-08 15:03:41.002 FINE [HTTP-*:16060-Thread] org.apache.commons.logging.impl.Jdk14Logger log
Set parameter http.useragent = Jakarta Commons-HttpClient/3.0.1
2017-06-08 15:03:41.003 FINE [HTTP-*:16060-Thread] org.apache.commons.logging.impl.Jdk14Logger log
Set parameter http.protocol.version = HTTP/1.1
2017-06-08 15:03:41.004 FINE [HTTP-*:16060-Thread] org.apache.commons.logging.impl.Jdk14Logger log
Set parameter http.connection-manager.class = class org.apache.commons.httpclient.SimpleHttpConnectionManager
2017-06-08 15:03:41.005 FINE [HTTP-*:16060-Thread] org.apache.commons.logging.impl.Jdk14Logger log
Set parameter http.protocol.cookie-policy = rfc2109
2017-06-08 15:03:41.005 FINE [HTTP-*:16060-Thread] org.apache.commons.logging.impl.Jdk14Logger log
Set parameter http.protocol.element-charset = US-ASCII
2017-06-08 15:03:41.005 FINE [HTTP-*:16060-Thread] org.apache.commons.logging.impl.Jdk14Logger log
Set parameter http.protocol.content-charset = ISO-8859-1
2017-06-08 15:03:41.006 FINE [HTTP-*:16060-Thread] org.apache.commons.logging.impl.Jdk14Logger log
Set parameter http.method.retry-handler = org.apache.commons.httpclient.DefaultHttpMethodRetryHandler@319fee
2017-06-08 15:03:41.006 FINE [HTTP-*:16060-Thread] org.apache.commons.logging.impl.Jdk14Logger log
Set parameter http.dateparser.patterns = [EEE, dd MMM yyyy HH:mm:ss zzz, EEEE, dd-MMM-yy HH:mm:ss zzz, EEE MMM d HH:mm:ss yyyy, EEE, dd-MMM-yyyy HH:mm:ss z, EEE, dd-MMM-yyyy HH-mm-ss z, EEE, dd MMM yy HH:mm:ss z, EEE dd-MMM-yyyy HH:mm:ss z, EEE dd MMM yyyy HH:mm:ss z, EEE dd-MMM-yyyy HH-mm-ss z, EEE dd-MMM-yy HH:mm:ss z, EEE dd MMM yy HH:mm:ss z, EEE,dd-MMM-yy HH:mm:ss z, EEE,dd-MMM-yyyy HH:mm:ss z, EEE, dd-MM-yyyy HH:mm:ss z]
2017-06-08 15:03:41.007 FINE [HTTP-*:16060-Thread] org.apache.commons.logging.impl.Jdk14Logger log
Java version: 1.8.0_25
2017-06-08 15:03:41.007 FINE [HTTP-*:16060-Thread] org.apache.commons.logging.impl.Jdk14Logger log
Java vendor: Oracle Corporation
2017-06-08 15:03:41.008 FINE [HTTP-*:16060-Thread] org.apache.commons.logging.impl.Jdk14Logger log
Java class path: D:\mars-workspace\HttpProxy\target\classes;D:\mars-workspace\HttpProxy\lib\redkale-1.0.jar;D:\mars-workspace\HttpProxy\lib\redkale-plugins-1.0.jar;D:\mars-workspace\HttpProxy\lib\fastjson-1.1.40.jar;D:\mars-workspace\HttpProxy\lib\guava-17.0.jar;D:\mars-workspace\HttpProxy\lib\httpclient-4.3.4.jar;D:\mars-workspace\HttpProxy\lib\httpclient-cache-4.3.4.jar;D:\mars-workspace\HttpProxy\lib\httpcore-4.3.2.jar;D:\mars-workspace\HttpProxy\lib\commons-httpclient-3.0.1.jar;D:\mars-workspace\HttpProxy\lib\commons-logging-1.1.3.jar;D:\mars-workspace\HttpProxy\lib\commons-codec-1.6.jar
2017-06-08 15:03:41.008 FINE [HTTP-*:16060-Thread] org.apache.commons.logging.impl.Jdk14Logger log
Operating system name: Windows 8.1
2017-06-08 15:03:41.008 FINE [HTTP-*:16060-Thread] org.apache.commons.logging.impl.Jdk14Logger log
Operating system architecture: x86
2017-06-08 15:03:41.008 FINE [HTTP-*:16060-Thread] org.apache.commons.logging.impl.Jdk14Logger log
Operating system version: 6.3
2017-06-08 15:03:41.019 FINE [HTTP-*:16060-Thread] org.apache.commons.logging.impl.Jdk14Logger log
SUN 1.8: SUN (DSA key/parameter generation; DSA signing; SHA-1, MD5 digests; SecureRandom; X.509 certificates; JKS & DKS keystores; PKIX CertPathValidator; PKIX CertPathBuilder; LDAP, Collection CertStores, JavaPolicy Policy; JavaLoginConfig Configuration)
2017-06-08 15:03:41.019 FINE [HTTP-*:16060-Thread] org.apache.commons.logging.impl.Jdk14Logger log
SunRsaSign 1.8: Sun RSA signature provider
2017-06-08 15:03:41.019 FINE [HTTP-*:16060-Thread] org.apache.commons.logging.impl.Jdk14Logger log
SunEC 1.8: Sun Elliptic Curve provider (EC, ECDSA, ECDH)
2017-06-08 15:03:41.020 FINE [HTTP-*:16060-Thread] org.apache.commons.logging.impl.Jdk14Logger log
SunJSSE 1.8: Sun JSSE provider(PKCS12, SunX509/PKIX key/trust factories, SSLv3/TLSv1/TLSv1.1/TLSv1.2)
2017-06-08 15:03:41.020 FINE [HTTP-*:16060-Thread] org.apache.commons.logging.impl.Jdk14Logger log
SunJCE 1.8: SunJCE Provider (implements RSA, DES, Triple DES, AES, Blowfish, ARCFOUR, RC2, PBE, Diffie-Hellman, HMAC)
2017-06-08 15:03:41.020 FINE [HTTP-*:16060-Thread] org.apache.commons.logging.impl.Jdk14Logger log
SunJGSS 1.8: Sun (Kerberos v5, SPNEGO)
2017-06-08 15:03:41.020 FINE [HTTP-*:16060-Thread] org.apache.commons.logging.impl.Jdk14Logger log
SunSASL 1.8: Sun SASL provider(implements client mechanisms for: DIGEST-MD5, GSSAPI, EXTERNAL, PLAIN, CRAM-MD5, NTLM; server mechanisms for: DIGEST-MD5, GSSAPI, CRAM-MD5, NTLM)
2017-06-08 15:03:41.021 FINE [HTTP-*:16060-Thread] org.apache.commons.logging.impl.Jdk14Logger log
XMLDSig 1.8: XMLDSig (DOM XMLSignatureFactory; DOM KeyInfoFactory; C14N 1.0, C14N 1.1, Exclusive C14N, Base64, Enveloped, XPath, XPath2, XSLT TransformServices)
2017-06-08 15:03:41.021 FINE [HTTP-*:16060-Thread] org.apache.commons.logging.impl.Jdk14Logger log
SunPCSC 1.8: Sun PC/SC provider
2017-06-08 15:03:41.021 FINE [HTTP-*:16060-Thread] org.apache.commons.logging.impl.Jdk14Logger log
SunMSCAPI 1.8: Sun's Microsoft Crypto API provider
2017-06-08 15:03:41.165 FINE [HTTP-*:16060-Thread] org.apache.commons.logging.impl.Jdk14Logger log
Set parameter http.connection-manager.max-per-host = {HostConfiguration[]=30}
2017-06-08 15:03:41.165 FINE [HTTP-*:16060-Thread] org.apache.commons.logging.impl.Jdk14Logger log
Set parameter http.connection-manager.max-total = 80
2017-06-08 15:03:41.166 FINE [Thread-10] org.apache.commons.logging.impl.Jdk14Logger log
Checking for connections, idleTimeout: 1496905361166
2017-06-08 15:03:41.171 INFO [HTTP-*:16060-Thread] org.redkale.boot.NodeServer init
NodeHttpServer load filter class in 915 ms
2017-06-08 15:03:41.184 INFO [HTTP-*:16060-Thread] org.redkale.boot.NodeHttpServer loadHttpServlet
[HTTP-*:16060-Thread]  Load com.httpproxy.server.servlet.HttpProxyServlet  mapping to  [/http/proxy/*]

2017-06-08 15:03:41.190 INFO [HTTP-*:16060-Thread] org.redkale.net.Server start
[HTTP-*:16060-Thread] HttpServer listen: /0.0.0.0:16060, threads: 64, bufferCapacity: 16400, bufferPoolSize: 2048, responsePoolSize: 1024, started in 1103 ms
2017-06-08 15:03:41.191 INFO [main] org.redkale.boot.Application start
Application started in 1103 ms
2017-06-08 15:03:42.167 FINE [Thread-10] org.apache.commons.logging.impl.Jdk14Logger log
Checking for connections, idleTimeout: 1496905362166
2017-06-08 15:03:43.168 FINE [Thread-10] org.apache.commons.logging.impl.Jdk14Logger log
Checking for connections, idleTimeout: 1496905363167
2017-06-08 15:03:44.170 FINE [Thread-10] org.apache.commons.logging.impl.Jdk14Logger log
Checking for connections, idleTimeout: 1496905364169
2017-06-08 15:05:09.852 INFO [main] org.redkale.boot.Application <init>
------------------------------- Redkale -------------------------------
2017-06-08 15:05:09.853 INFO [main] org.redkale.boot.Application init
APP_HOME= D:\mars-workspace\HttpProxy
APP_ADDR= 192.168.149.1
2017-06-08 15:05:10.679 FINE [HTTP-*:16060-Thread] org.apache.commons.logging.impl.Jdk14Logger log
Set parameter http.useragent = Jakarta Commons-HttpClient/3.0.1
2017-06-08 15:05:10.680 FINE [HTTP-*:16060-Thread] org.apache.commons.logging.impl.Jdk14Logger log
Set parameter http.protocol.version = HTTP/1.1
2017-06-08 15:05:10.681 FINE [HTTP-*:16060-Thread] org.apache.commons.logging.impl.Jdk14Logger log
Set parameter http.connection-manager.class = class org.apache.commons.httpclient.SimpleHttpConnectionManager
2017-06-08 15:05:10.681 FINE [HTTP-*:16060-Thread] org.apache.commons.logging.impl.Jdk14Logger log
Set parameter http.protocol.cookie-policy = rfc2109
2017-06-08 15:05:10.682 FINE [HTTP-*:16060-Thread] org.apache.commons.logging.impl.Jdk14Logger log
Set parameter http.protocol.element-charset = US-ASCII
2017-06-08 15:05:10.682 FINE [HTTP-*:16060-Thread] org.apache.commons.logging.impl.Jdk14Logger log
Set parameter http.protocol.content-charset = ISO-8859-1
2017-06-08 15:05:10.682 FINE [HTTP-*:16060-Thread] org.apache.commons.logging.impl.Jdk14Logger log
Set parameter http.method.retry-handler = org.apache.commons.httpclient.DefaultHttpMethodRetryHandler@95641e
2017-06-08 15:05:10.683 FINE [HTTP-*:16060-Thread] org.apache.commons.logging.impl.Jdk14Logger log
Set parameter http.dateparser.patterns = [EEE, dd MMM yyyy HH:mm:ss zzz, EEEE, dd-MMM-yy HH:mm:ss zzz, EEE MMM d HH:mm:ss yyyy, EEE, dd-MMM-yyyy HH:mm:ss z, EEE, dd-MMM-yyyy HH-mm-ss z, EEE, dd MMM yy HH:mm:ss z, EEE dd-MMM-yyyy HH:mm:ss z, EEE dd MMM yyyy HH:mm:ss z, EEE dd-MMM-yyyy HH-mm-ss z, EEE dd-MMM-yy HH:mm:ss z, EEE dd MMM yy HH:mm:ss z, EEE,dd-MMM-yy HH:mm:ss z, EEE,dd-MMM-yyyy HH:mm:ss z, EEE, dd-MM-yyyy HH:mm:ss z]
2017-06-08 15:05:10.684 FINE [HTTP-*:16060-Thread] org.apache.commons.logging.impl.Jdk14Logger log
Java version: 1.8.0_25
2017-06-08 15:05:10.684 FINE [HTTP-*:16060-Thread] org.apache.commons.logging.impl.Jdk14Logger log
Java vendor: Oracle Corporation
2017-06-08 15:05:10.685 FINE [HTTP-*:16060-Thread] org.apache.commons.logging.impl.Jdk14Logger log
Java class path: D:\mars-workspace\HttpProxy\target\classes;D:\mars-workspace\HttpProxy\lib\redkale-1.0.jar;D:\mars-workspace\HttpProxy\lib\redkale-plugins-1.0.jar;D:\mars-workspace\HttpProxy\lib\fastjson-1.1.40.jar;D:\mars-workspace\HttpProxy\lib\guava-17.0.jar;D:\mars-workspace\HttpProxy\lib\httpclient-4.3.4.jar;D:\mars-workspace\HttpProxy\lib\httpclient-cache-4.3.4.jar;D:\mars-workspace\HttpProxy\lib\httpcore-4.3.2.jar;D:\mars-workspace\HttpProxy\lib\commons-httpclient-3.0.1.jar;D:\mars-workspace\HttpProxy\lib\commons-logging-1.1.3.jar;D:\mars-workspace\HttpProxy\lib\commons-codec-1.6.jar
2017-06-08 15:05:10.685 FINE [HTTP-*:16060-Thread] org.apache.commons.logging.impl.Jdk14Logger log
Operating system name: Windows 8.1
2017-06-08 15:05:10.685 FINE [HTTP-*:16060-Thread] org.apache.commons.logging.impl.Jdk14Logger log
Operating system architecture: x86
2017-06-08 15:05:10.685 FINE [HTTP-*:16060-Thread] org.apache.commons.logging.impl.Jdk14Logger log
Operating system version: 6.3
2017-06-08 15:05:10.695 FINE [HTTP-*:16060-Thread] org.apache.commons.logging.impl.Jdk14Logger log
SUN 1.8: SUN (DSA key/parameter generation; DSA signing; SHA-1, MD5 digests; SecureRandom; X.509 certificates; JKS & DKS keystores; PKIX CertPathValidator; PKIX CertPathBuilder; LDAP, Collection CertStores, JavaPolicy Policy; JavaLoginConfig Configuration)
2017-06-08 15:05:10.696 FINE [HTTP-*:16060-Thread] org.apache.commons.logging.impl.Jdk14Logger log
SunRsaSign 1.8: Sun RSA signature provider
2017-06-08 15:05:10.696 FINE [HTTP-*:16060-Thread] org.apache.commons.logging.impl.Jdk14Logger log
SunEC 1.8: Sun Elliptic Curve provider (EC, ECDSA, ECDH)
2017-06-08 15:05:10.696 FINE [HTTP-*:16060-Thread] org.apache.commons.logging.impl.Jdk14Logger log
SunJSSE 1.8: Sun JSSE provider(PKCS12, SunX509/PKIX key/trust factories, SSLv3/TLSv1/TLSv1.1/TLSv1.2)
2017-06-08 15:05:10.696 FINE [HTTP-*:16060-Thread] org.apache.commons.logging.impl.Jdk14Logger log
SunJCE 1.8: SunJCE Provider (implements RSA, DES, Triple DES, AES, Blowfish, ARCFOUR, RC2, PBE, Diffie-Hellman, HMAC)
2017-06-08 15:05:10.697 FINE [HTTP-*:16060-Thread] org.apache.commons.logging.impl.Jdk14Logger log
SunJGSS 1.8: Sun (Kerberos v5, SPNEGO)
2017-06-08 15:05:10.697 FINE [HTTP-*:16060-Thread] org.apache.commons.logging.impl.Jdk14Logger log
SunSASL 1.8: Sun SASL provider(implements client mechanisms for: DIGEST-MD5, GSSAPI, EXTERNAL, PLAIN, CRAM-MD5, NTLM; server mechanisms for: DIGEST-MD5, GSSAPI, CRAM-MD5, NTLM)
2017-06-08 15:05:10.697 FINE [HTTP-*:16060-Thread] org.apache.commons.logging.impl.Jdk14Logger log
XMLDSig 1.8: XMLDSig (DOM XMLSignatureFactory; DOM KeyInfoFactory; C14N 1.0, C14N 1.1, Exclusive C14N, Base64, Enveloped, XPath, XPath2, XSLT TransformServices)
2017-06-08 15:05:10.697 FINE [HTTP-*:16060-Thread] org.apache.commons.logging.impl.Jdk14Logger log
SunPCSC 1.8: Sun PC/SC provider
2017-06-08 15:05:10.698 FINE [HTTP-*:16060-Thread] org.apache.commons.logging.impl.Jdk14Logger log
SunMSCAPI 1.8: Sun's Microsoft Crypto API provider
2017-06-08 15:05:10.835 FINE [HTTP-*:16060-Thread] org.apache.commons.logging.impl.Jdk14Logger log
Set parameter http.connection-manager.max-per-host = {HostConfiguration[]=30}
2017-06-08 15:05:10.836 FINE [HTTP-*:16060-Thread] org.apache.commons.logging.impl.Jdk14Logger log
Set parameter http.connection-manager.max-total = 80
2017-06-08 15:05:10.836 FINE [Thread-10] org.apache.commons.logging.impl.Jdk14Logger log
Checking for connections, idleTimeout: 1496905450836
2017-06-08 15:05:10.842 INFO [HTTP-*:16060-Thread] org.redkale.boot.NodeServer init
NodeHttpServer load filter class in 922 ms
2017-06-08 15:05:10.855 INFO [HTTP-*:16060-Thread] org.redkale.boot.NodeHttpServer loadHttpServlet
[HTTP-*:16060-Thread]  Load com.httpproxy.server.servlet.HttpProxyServlet  mapping to  [/http/proxy/*]

2017-06-08 15:05:10.862 INFO [HTTP-*:16060-Thread] org.redkale.net.Server start
[HTTP-*:16060-Thread] HttpServer listen: /0.0.0.0:16060, threads: 64, bufferCapacity: 16400, bufferPoolSize: 2048, responsePoolSize: 1024, started in 1113 ms
2017-06-08 15:05:10.862 INFO [main] org.redkale.boot.Application start
Application started in 1113 ms
2017-06-08 15:05:11.837 FINE [Thread-10] org.apache.commons.logging.impl.Jdk14Logger log
Checking for connections, idleTimeout: 1496905451836
2017-06-08 15:05:12.838 FINE [Thread-10] org.apache.commons.logging.impl.Jdk14Logger log
Checking for connections, idleTimeout: 1496905452838
2017-06-08 15:05:13.839 FINE [Thread-10] org.apache.commons.logging.impl.Jdk14Logger log
Checking for connections, idleTimeout: 1496905453838
2017-06-08 15:05:14.840 FINE [Thread-10] org.apache.commons.logging.impl.Jdk14Logger log
Checking for connections, idleTimeout: 1496905454839
2017-06-08 15:07:45.648 INFO [main] org.redkale.boot.Application <init>
------------------------------- Redkale -------------------------------
2017-06-08 15:07:45.648 INFO [main] org.redkale.boot.Application init
APP_HOME= D:\mars-workspace\HttpProxy
APP_ADDR= 192.168.149.1
2017-06-08 15:07:46.470 FINE [HTTP-*:16060-Thread] org.apache.commons.logging.impl.Jdk14Logger log
Set parameter http.useragent = Jakarta Commons-HttpClient/3.0.1
2017-06-08 15:07:46.470 FINE [HTTP-*:16060-Thread] org.apache.commons.logging.impl.Jdk14Logger log
Set parameter http.protocol.version = HTTP/1.1
2017-06-08 15:07:46.472 FINE [HTTP-*:16060-Thread] org.apache.commons.logging.impl.Jdk14Logger log
Set parameter http.connection-manager.class = class org.apache.commons.httpclient.SimpleHttpConnectionManager
2017-06-08 15:07:46.472 FINE [HTTP-*:16060-Thread] org.apache.commons.logging.impl.Jdk14Logger log
Set parameter http.protocol.cookie-policy = rfc2109
2017-06-08 15:07:46.472 FINE [HTTP-*:16060-Thread] org.apache.commons.logging.impl.Jdk14Logger log
Set parameter http.protocol.element-charset = US-ASCII
2017-06-08 15:07:46.472 FINE [HTTP-*:16060-Thread] org.apache.commons.logging.impl.Jdk14Logger log
Set parameter http.protocol.content-charset = ISO-8859-1
2017-06-08 15:07:46.473 FINE [HTTP-*:16060-Thread] org.apache.commons.logging.impl.Jdk14Logger log
Set parameter http.method.retry-handler = org.apache.commons.httpclient.DefaultHttpMethodRetryHandler@1876311
2017-06-08 15:07:46.473 FINE [HTTP-*:16060-Thread] org.apache.commons.logging.impl.Jdk14Logger log
Set parameter http.dateparser.patterns = [EEE, dd MMM yyyy HH:mm:ss zzz, EEEE, dd-MMM-yy HH:mm:ss zzz, EEE MMM d HH:mm:ss yyyy, EEE, dd-MMM-yyyy HH:mm:ss z, EEE, dd-MMM-yyyy HH-mm-ss z, EEE, dd MMM yy HH:mm:ss z, EEE dd-MMM-yyyy HH:mm:ss z, EEE dd MMM yyyy HH:mm:ss z, EEE dd-MMM-yyyy HH-mm-ss z, EEE dd-MMM-yy HH:mm:ss z, EEE dd MMM yy HH:mm:ss z, EEE,dd-MMM-yy HH:mm:ss z, EEE,dd-MMM-yyyy HH:mm:ss z, EEE, dd-MM-yyyy HH:mm:ss z]
2017-06-08 15:07:46.474 FINE [HTTP-*:16060-Thread] org.apache.commons.logging.impl.Jdk14Logger log
Java version: 1.8.0_25
2017-06-08 15:07:46.474 FINE [HTTP-*:16060-Thread] org.apache.commons.logging.impl.Jdk14Logger log
Java vendor: Oracle Corporation
2017-06-08 15:07:46.475 FINE [HTTP-*:16060-Thread] org.apache.commons.logging.impl.Jdk14Logger log
Java class path: D:\mars-workspace\HttpProxy\target\classes;D:\mars-workspace\HttpProxy\lib\redkale-1.0.jar;D:\mars-workspace\HttpProxy\lib\redkale-plugins-1.0.jar;D:\mars-workspace\HttpProxy\lib\fastjson-1.1.40.jar;D:\mars-workspace\HttpProxy\lib\guava-17.0.jar;D:\mars-workspace\HttpProxy\lib\httpclient-4.3.4.jar;D:\mars-workspace\HttpProxy\lib\httpclient-cache-4.3.4.jar;D:\mars-workspace\HttpProxy\lib\httpcore-4.3.2.jar;D:\mars-workspace\HttpProxy\lib\commons-httpclient-3.0.1.jar;D:\mars-workspace\HttpProxy\lib\commons-logging-1.1.3.jar;D:\mars-workspace\HttpProxy\lib\commons-codec-1.6.jar
2017-06-08 15:07:46.475 FINE [HTTP-*:16060-Thread] org.apache.commons.logging.impl.Jdk14Logger log
Operating system name: Windows 8.1
2017-06-08 15:07:46.475 FINE [HTTP-*:16060-Thread] org.apache.commons.logging.impl.Jdk14Logger log
Operating system architecture: x86
2017-06-08 15:07:46.475 FINE [HTTP-*:16060-Thread] org.apache.commons.logging.impl.Jdk14Logger log
Operating system version: 6.3
2017-06-08 15:07:46.485 FINE [HTTP-*:16060-Thread] org.apache.commons.logging.impl.Jdk14Logger log
SUN 1.8: SUN (DSA key/parameter generation; DSA signing; SHA-1, MD5 digests; SecureRandom; X.509 certificates; JKS & DKS keystores; PKIX CertPathValidator; PKIX CertPathBuilder; LDAP, Collection CertStores, JavaPolicy Policy; JavaLoginConfig Configuration)
2017-06-08 15:07:46.485 FINE [HTTP-*:16060-Thread] org.apache.commons.logging.impl.Jdk14Logger log
SunRsaSign 1.8: Sun RSA signature provider
2017-06-08 15:07:46.486 FINE [HTTP-*:16060-Thread] org.apache.commons.logging.impl.Jdk14Logger log
SunEC 1.8: Sun Elliptic Curve provider (EC, ECDSA, ECDH)
2017-06-08 15:07:46.486 FINE [HTTP-*:16060-Thread] org.apache.commons.logging.impl.Jdk14Logger log
SunJSSE 1.8: Sun JSSE provider(PKCS12, SunX509/PKIX key/trust factories, SSLv3/TLSv1/TLSv1.1/TLSv1.2)
2017-06-08 15:07:46.486 FINE [HTTP-*:16060-Thread] org.apache.commons.logging.impl.Jdk14Logger log
SunJCE 1.8: SunJCE Provider (implements RSA, DES, Triple DES, AES, Blowfish, ARCFOUR, RC2, PBE, Diffie-Hellman, HMAC)
2017-06-08 15:07:46.486 FINE [HTTP-*:16060-Thread] org.apache.commons.logging.impl.Jdk14Logger log
SunJGSS 1.8: Sun (Kerberos v5, SPNEGO)
2017-06-08 15:07:46.487 FINE [HTTP-*:16060-Thread] org.apache.commons.logging.impl.Jdk14Logger log
SunSASL 1.8: Sun SASL provider(implements client mechanisms for: DIGEST-MD5, GSSAPI, EXTERNAL, PLAIN, CRAM-MD5, NTLM; server mechanisms for: DIGEST-MD5, GSSAPI, CRAM-MD5, NTLM)
2017-06-08 15:07:46.487 FINE [HTTP-*:16060-Thread] org.apache.commons.logging.impl.Jdk14Logger log
XMLDSig 1.8: XMLDSig (DOM XMLSignatureFactory; DOM KeyInfoFactory; C14N 1.0, C14N 1.1, Exclusive C14N, Base64, Enveloped, XPath, XPath2, XSLT TransformServices)
2017-06-08 15:07:46.487 FINE [HTTP-*:16060-Thread] org.apache.commons.logging.impl.Jdk14Logger log
SunPCSC 1.8: Sun PC/SC provider
2017-06-08 15:07:46.487 FINE [HTTP-*:16060-Thread] org.apache.commons.logging.impl.Jdk14Logger log
SunMSCAPI 1.8: Sun's Microsoft Crypto API provider
2017-06-08 15:07:46.623 FINE [HTTP-*:16060-Thread] org.apache.commons.logging.impl.Jdk14Logger log
Set parameter http.connection-manager.max-per-host = {HostConfiguration[]=30}
2017-06-08 15:07:46.624 FINE [HTTP-*:16060-Thread] org.apache.commons.logging.impl.Jdk14Logger log
Set parameter http.connection-manager.max-total = 80
2017-06-08 15:07:46.624 FINE [Thread-10] org.apache.commons.logging.impl.Jdk14Logger log
Checking for connections, idleTimeout: 1496905606624
2017-06-08 15:07:46.632 INFO [HTTP-*:16060-Thread] org.redkale.boot.NodeServer init
NodeHttpServer load filter class in 914 ms
2017-06-08 15:07:46.645 INFO [HTTP-*:16060-Thread] org.redkale.boot.NodeHttpServer loadHttpServlet
[HTTP-*:16060-Thread]  Load com.httpproxy.server.servlet.HttpProxyServlet  mapping to  [/http/proxy/*]

2017-06-08 15:07:46.651 INFO [HTTP-*:16060-Thread] org.redkale.net.Server start
[HTTP-*:16060-Thread] HttpServer listen: /0.0.0.0:16060, threads: 64, bufferCapacity: 16400, bufferPoolSize: 2048, responsePoolSize: 1024, started in 1106 ms
2017-06-08 15:07:46.651 INFO [main] org.redkale.boot.Application start
Application started in 1106 ms
2017-06-08 15:07:47.625 FINE [Thread-10] org.apache.commons.logging.impl.Jdk14Logger log
Checking for connections, idleTimeout: 1496905607624
2017-06-08 15:07:48.627 FINE [Thread-10] org.apache.commons.logging.impl.Jdk14Logger log
Checking for connections, idleTimeout: 1496905608626
2017-06-08 15:07:49.628 FINE [Thread-10] org.apache.commons.logging.impl.Jdk14Logger log
Checking for connections, idleTimeout: 1496905609627
2017-06-08 15:10:27.762 INFO [main] org.redkale.boot.Application <init>
------------------------------- Redkale -------------------------------
2017-06-08 15:10:27.762 INFO [main] org.redkale.boot.Application init
APP_HOME= D:\mars-workspace\HttpProxy
APP_ADDR= 192.168.149.1
2017-06-08 15:10:28.574 FINE [HTTP-*:16060-Thread] org.apache.commons.logging.impl.Jdk14Logger log
Set parameter http.useragent = Jakarta Commons-HttpClient/3.0.1
2017-06-08 15:10:28.575 FINE [HTTP-*:16060-Thread] org.apache.commons.logging.impl.Jdk14Logger log
Set parameter http.protocol.version = HTTP/1.1
2017-06-08 15:10:28.576 FINE [HTTP-*:16060-Thread] org.apache.commons.logging.impl.Jdk14Logger log
Set parameter http.connection-manager.class = class org.apache.commons.httpclient.SimpleHttpConnectionManager
2017-06-08 15:10:28.576 FINE [HTTP-*:16060-Thread] org.apache.commons.logging.impl.Jdk14Logger log
Set parameter http.protocol.cookie-policy = rfc2109
2017-06-08 15:10:28.577 FINE [HTTP-*:16060-Thread] org.apache.commons.logging.impl.Jdk14Logger log
Set parameter http.protocol.element-charset = US-ASCII
2017-06-08 15:10:28.577 FINE [HTTP-*:16060-Thread] org.apache.commons.logging.impl.Jdk14Logger log
Set parameter http.protocol.content-charset = ISO-8859-1
2017-06-08 15:10:28.577 FINE [HTTP-*:16060-Thread] org.apache.commons.logging.impl.Jdk14Logger log
Set parameter http.method.retry-handler = org.apache.commons.httpclient.DefaultHttpMethodRetryHandler@95641e
2017-06-08 15:10:28.578 FINE [HTTP-*:16060-Thread] org.apache.commons.logging.impl.Jdk14Logger log
Set parameter http.dateparser.patterns = [EEE, dd MMM yyyy HH:mm:ss zzz, EEEE, dd-MMM-yy HH:mm:ss zzz, EEE MMM d HH:mm:ss yyyy, EEE, dd-MMM-yyyy HH:mm:ss z, EEE, dd-MMM-yyyy HH-mm-ss z, EEE, dd MMM yy HH:mm:ss z, EEE dd-MMM-yyyy HH:mm:ss z, EEE dd MMM yyyy HH:mm:ss z, EEE dd-MMM-yyyy HH-mm-ss z, EEE dd-MMM-yy HH:mm:ss z, EEE dd MMM yy HH:mm:ss z, EEE,dd-MMM-yy HH:mm:ss z, EEE,dd-MMM-yyyy HH:mm:ss z, EEE, dd-MM-yyyy HH:mm:ss z]
2017-06-08 15:10:28.579 FINE [HTTP-*:16060-Thread] org.apache.commons.logging.impl.Jdk14Logger log
Java version: 1.8.0_25
2017-06-08 15:10:28.579 FINE [HTTP-*:16060-Thread] org.apache.commons.logging.impl.Jdk14Logger log
Java vendor: Oracle Corporation
2017-06-08 15:10:28.579 FINE [HTTP-*:16060-Thread] org.apache.commons.logging.impl.Jdk14Logger log
Java class path: D:\mars-workspace\HttpProxy\target\classes;D:\mars-workspace\HttpProxy\lib\redkale-1.0.jar;D:\mars-workspace\HttpProxy\lib\redkale-plugins-1.0.jar;D:\mars-workspace\HttpProxy\lib\fastjson-1.1.40.jar;D:\mars-workspace\HttpProxy\lib\guava-17.0.jar;D:\mars-workspace\HttpProxy\lib\httpclient-4.3.4.jar;D:\mars-workspace\HttpProxy\lib\httpclient-cache-4.3.4.jar;D:\mars-workspace\HttpProxy\lib\httpcore-4.3.2.jar;D:\mars-workspace\HttpProxy\lib\commons-httpclient-3.0.1.jar;D:\mars-workspace\HttpProxy\lib\commons-logging-1.1.3.jar;D:\mars-workspace\HttpProxy\lib\commons-codec-1.6.jar
2017-06-08 15:10:28.580 FINE [HTTP-*:16060-Thread] org.apache.commons.logging.impl.Jdk14Logger log
Operating system name: Windows 8.1
2017-06-08 15:10:28.580 FINE [HTTP-*:16060-Thread] org.apache.commons.logging.impl.Jdk14Logger log
Operating system architecture: x86
2017-06-08 15:10:28.580 FINE [HTTP-*:16060-Thread] org.apache.commons.logging.impl.Jdk14Logger log
Operating system version: 6.3
2017-06-08 15:10:28.590 FINE [HTTP-*:16060-Thread] org.apache.commons.logging.impl.Jdk14Logger log
SUN 1.8: SUN (DSA key/parameter generation; DSA signing; SHA-1, MD5 digests; SecureRandom; X.509 certificates; JKS & DKS keystores; PKIX CertPathValidator; PKIX CertPathBuilder; LDAP, Collection CertStores, JavaPolicy Policy; JavaLoginConfig Configuration)
2017-06-08 15:10:28.590 FINE [HTTP-*:16060-Thread] org.apache.commons.logging.impl.Jdk14Logger log
SunRsaSign 1.8: Sun RSA signature provider
2017-06-08 15:10:28.591 FINE [HTTP-*:16060-Thread] org.apache.commons.logging.impl.Jdk14Logger log
SunEC 1.8: Sun Elliptic Curve provider (EC, ECDSA, ECDH)
2017-06-08 15:10:28.591 FINE [HTTP-*:16060-Thread] org.apache.commons.logging.impl.Jdk14Logger log
SunJSSE 1.8: Sun JSSE provider(PKCS12, SunX509/PKIX key/trust factories, SSLv3/TLSv1/TLSv1.1/TLSv1.2)
2017-06-08 15:10:28.591 FINE [HTTP-*:16060-Thread] org.apache.commons.logging.impl.Jdk14Logger log
SunJCE 1.8: SunJCE Provider (implements RSA, DES, Triple DES, AES, Blowfish, ARCFOUR, RC2, PBE, Diffie-Hellman, HMAC)
2017-06-08 15:10:28.591 FINE [HTTP-*:16060-Thread] org.apache.commons.logging.impl.Jdk14Logger log
SunJGSS 1.8: Sun (Kerberos v5, SPNEGO)
2017-06-08 15:10:28.592 FINE [HTTP-*:16060-Thread] org.apache.commons.logging.impl.Jdk14Logger log
SunSASL 1.8: Sun SASL provider(implements client mechanisms for: DIGEST-MD5, GSSAPI, EXTERNAL, PLAIN, CRAM-MD5, NTLM; server mechanisms for: DIGEST-MD5, GSSAPI, CRAM-MD5, NTLM)
2017-06-08 15:10:28.592 FINE [HTTP-*:16060-Thread] org.apache.commons.logging.impl.Jdk14Logger log
XMLDSig 1.8: XMLDSig (DOM XMLSignatureFactory; DOM KeyInfoFactory; C14N 1.0, C14N 1.1, Exclusive C14N, Base64, Enveloped, XPath, XPath2, XSLT TransformServices)
2017-06-08 15:10:28.592 FINE [HTTP-*:16060-Thread] org.apache.commons.logging.impl.Jdk14Logger log
SunPCSC 1.8: Sun PC/SC provider
2017-06-08 15:10:28.592 FINE [HTTP-*:16060-Thread] org.apache.commons.logging.impl.Jdk14Logger log
SunMSCAPI 1.8: Sun's Microsoft Crypto API provider
2017-06-08 15:10:28.726 FINE [HTTP-*:16060-Thread] org.apache.commons.logging.impl.Jdk14Logger log
Set parameter http.connection-manager.max-per-host = {HostConfiguration[]=30}
2017-06-08 15:10:28.726 FINE [HTTP-*:16060-Thread] org.apache.commons.logging.impl.Jdk14Logger log
Set parameter http.connection-manager.max-total = 80
2017-06-08 15:10:28.727 FINE [Thread-10] org.apache.commons.logging.impl.Jdk14Logger log
Checking for connections, idleTimeout: 1496905768727
2017-06-08 15:10:28.733 INFO [HTTP-*:16060-Thread] org.redkale.boot.NodeServer init
NodeHttpServer load filter class in 902 ms
2017-06-08 15:10:28.746 INFO [HTTP-*:16060-Thread] org.redkale.boot.NodeHttpServer loadHttpServlet
[HTTP-*:16060-Thread]  Load com.httpproxy.server.servlet.HttpProxyServlet  mapping to  [/http/proxy/*]

2017-06-08 15:10:28.753 INFO [HTTP-*:16060-Thread] org.redkale.net.Server start
[HTTP-*:16060-Thread] HttpServer listen: /0.0.0.0:16060, threads: 64, bufferCapacity: 16400, bufferPoolSize: 2048, responsePoolSize: 1024, started in 1093 ms
2017-06-08 15:10:28.753 INFO [main] org.redkale.boot.Application start
Application started in 1093 ms
2017-06-08 15:10:29.729 FINE [Thread-10] org.apache.commons.logging.impl.Jdk14Logger log
Checking for connections, idleTimeout: 1496905769728
2017-06-08 15:10:30.730 FINE [Thread-10] org.apache.commons.logging.impl.Jdk14Logger log
Checking for connections, idleTimeout: 1496905770730
2017-06-08 15:10:31.732 FINE [Thread-10] org.apache.commons.logging.impl.Jdk14Logger log
Checking for connections, idleTimeout: 1496905771731
2017-06-08 15:10:32.734 FINE [Thread-10] org.apache.commons.logging.impl.Jdk14Logger log
Checking for connections, idleTimeout: 1496905772733
2017-06-08 15:10:33.735 FINE [Thread-10] org.apache.commons.logging.impl.Jdk14Logger log
Checking for connections, idleTimeout: 1496905773734
2017-06-08 15:10:34.735 FINE [Thread-10] org.apache.commons.logging.impl.Jdk14Logger log
Checking for connections, idleTimeout: 1496905774734
2017-06-08 15:10:35.736 FINE [Thread-10] org.apache.commons.logging.impl.Jdk14Logger log
Checking for connections, idleTimeout: 1496905775735
2017-06-08 15:10:36.737 FINE [Thread-10] org.apache.commons.logging.impl.Jdk14Logger log
Checking for connections, idleTimeout: 1496905776737
2017-06-08 15:11:30.940 INFO [main] org.redkale.boot.Application <init>
------------------------------- Redkale -------------------------------
2017-06-08 15:11:30.940 INFO [main] org.redkale.boot.Application init
APP_HOME= D:\mars-workspace\HttpProxy
APP_ADDR= 192.168.149.1
2017-06-08 15:11:31.769 FINE [HTTP-*:16060-Thread] org.apache.commons.logging.impl.Jdk14Logger log
Set parameter http.useragent = Jakarta Commons-HttpClient/3.0.1
2017-06-08 15:11:31.770 FINE [HTTP-*:16060-Thread] org.apache.commons.logging.impl.Jdk14Logger log
Set parameter http.protocol.version = HTTP/1.1
2017-06-08 15:11:31.771 FINE [HTTP-*:16060-Thread] org.apache.commons.logging.impl.Jdk14Logger log
Set parameter http.connection-manager.class = class org.apache.commons.httpclient.SimpleHttpConnectionManager
2017-06-08 15:11:31.771 FINE [HTTP-*:16060-Thread] org.apache.commons.logging.impl.Jdk14Logger log
Set parameter http.protocol.cookie-policy = rfc2109
2017-06-08 15:11:31.772 FINE [HTTP-*:16060-Thread] org.apache.commons.logging.impl.Jdk14Logger log
Set parameter http.protocol.element-charset = US-ASCII
2017-06-08 15:11:31.772 FINE [HTTP-*:16060-Thread] org.apache.commons.logging.impl.Jdk14Logger log
Set parameter http.protocol.content-charset = ISO-8859-1
2017-06-08 15:11:31.772 FINE [HTTP-*:16060-Thread] org.apache.commons.logging.impl.Jdk14Logger log
Set parameter http.method.retry-handler = org.apache.commons.httpclient.DefaultHttpMethodRetryHandler@162bafd
2017-06-08 15:11:31.772 FINE [HTTP-*:16060-Thread] org.apache.commons.logging.impl.Jdk14Logger log
Set parameter http.dateparser.patterns = [EEE, dd MMM yyyy HH:mm:ss zzz, EEEE, dd-MMM-yy HH:mm:ss zzz, EEE MMM d HH:mm:ss yyyy, EEE, dd-MMM-yyyy HH:mm:ss z, EEE, dd-MMM-yyyy HH-mm-ss z, EEE, dd MMM yy HH:mm:ss z, EEE dd-MMM-yyyy HH:mm:ss z, EEE dd MMM yyyy HH:mm:ss z, EEE dd-MMM-yyyy HH-mm-ss z, EEE dd-MMM-yy HH:mm:ss z, EEE dd MMM yy HH:mm:ss z, EEE,dd-MMM-yy HH:mm:ss z, EEE,dd-MMM-yyyy HH:mm:ss z, EEE, dd-MM-yyyy HH:mm:ss z]
2017-06-08 15:11:31.774 FINE [HTTP-*:16060-Thread] org.apache.commons.logging.impl.Jdk14Logger log
Java version: 1.8.0_25
2017-06-08 15:11:31.774 FINE [HTTP-*:16060-Thread] org.apache.commons.logging.impl.Jdk14Logger log
Java vendor: Oracle Corporation
2017-06-08 15:11:31.774 FINE [HTTP-*:16060-Thread] org.apache.commons.logging.impl.Jdk14Logger log
Java class path: D:\mars-workspace\HttpProxy\target\classes;D:\mars-workspace\HttpProxy\lib\redkale-1.0.jar;D:\mars-workspace\HttpProxy\lib\redkale-plugins-1.0.jar;D:\mars-workspace\HttpProxy\lib\fastjson-1.1.40.jar;D:\mars-workspace\HttpProxy\lib\guava-17.0.jar;D:\mars-workspace\HttpProxy\lib\httpclient-4.3.4.jar;D:\mars-workspace\HttpProxy\lib\httpclient-cache-4.3.4.jar;D:\mars-workspace\HttpProxy\lib\httpcore-4.3.2.jar;D:\mars-workspace\HttpProxy\lib\commons-httpclient-3.0.1.jar;D:\mars-workspace\HttpProxy\lib\commons-logging-1.1.3.jar;D:\mars-workspace\HttpProxy\lib\commons-codec-1.6.jar
2017-06-08 15:11:31.775 FINE [HTTP-*:16060-Thread] org.apache.commons.logging.impl.Jdk14Logger log
Operating system name: Windows 8.1
2017-06-08 15:11:31.775 FINE [HTTP-*:16060-Thread] org.apache.commons.logging.impl.Jdk14Logger log
Operating system architecture: x86
2017-06-08 15:11:31.775 FINE [HTTP-*:16060-Thread] org.apache.commons.logging.impl.Jdk14Logger log
Operating system version: 6.3
2017-06-08 15:11:31.786 FINE [HTTP-*:16060-Thread] org.apache.commons.logging.impl.Jdk14Logger log
SUN 1.8: SUN (DSA key/parameter generation; DSA signing; SHA-1, MD5 digests; SecureRandom; X.509 certificates; JKS & DKS keystores; PKIX CertPathValidator; PKIX CertPathBuilder; LDAP, Collection CertStores, JavaPolicy Policy; JavaLoginConfig Configuration)
2017-06-08 15:11:31.786 FINE [HTTP-*:16060-Thread] org.apache.commons.logging.impl.Jdk14Logger log
SunRsaSign 1.8: Sun RSA signature provider
2017-06-08 15:11:31.787 FINE [HTTP-*:16060-Thread] org.apache.commons.logging.impl.Jdk14Logger log
SunEC 1.8: Sun Elliptic Curve provider (EC, ECDSA, ECDH)
2017-06-08 15:11:31.787 FINE [HTTP-*:16060-Thread] org.apache.commons.logging.impl.Jdk14Logger log
SunJSSE 1.8: Sun JSSE provider(PKCS12, SunX509/PKIX key/trust factories, SSLv3/TLSv1/TLSv1.1/TLSv1.2)
2017-06-08 15:11:31.787 FINE [HTTP-*:16060-Thread] org.apache.commons.logging.impl.Jdk14Logger log
SunJCE 1.8: SunJCE Provider (implements RSA, DES, Triple DES, AES, Blowfish, ARCFOUR, RC2, PBE, Diffie-Hellman, HMAC)
2017-06-08 15:11:31.787 FINE [HTTP-*:16060-Thread] org.apache.commons.logging.impl.Jdk14Logger log
SunJGSS 1.8: Sun (Kerberos v5, SPNEGO)
2017-06-08 15:11:31.788 FINE [HTTP-*:16060-Thread] org.apache.commons.logging.impl.Jdk14Logger log
SunSASL 1.8: Sun SASL provider(implements client mechanisms for: DIGEST-MD5, GSSAPI, EXTERNAL, PLAIN, CRAM-MD5, NTLM; server mechanisms for: DIGEST-MD5, GSSAPI, CRAM-MD5, NTLM)
2017-06-08 15:11:31.788 FINE [HTTP-*:16060-Thread] org.apache.commons.logging.impl.Jdk14Logger log
XMLDSig 1.8: XMLDSig (DOM XMLSignatureFactory; DOM KeyInfoFactory; C14N 1.0, C14N 1.1, Exclusive C14N, Base64, Enveloped, XPath, XPath2, XSLT TransformServices)
2017-06-08 15:11:31.788 FINE [HTTP-*:16060-Thread] org.apache.commons.logging.impl.Jdk14Logger log
SunPCSC 1.8: Sun PC/SC provider
2017-06-08 15:11:31.788 FINE [HTTP-*:16060-Thread] org.apache.commons.logging.impl.Jdk14Logger log
SunMSCAPI 1.8: Sun's Microsoft Crypto API provider
2017-06-08 15:11:31.931 INFO [HTTP-*:16060-Thread] org.redkale.boot.NodeServer init
NodeHttpServer load filter class in 920 ms
2017-06-08 15:11:31.944 INFO [HTTP-*:16060-Thread] org.redkale.boot.NodeHttpServer loadHttpServlet
[HTTP-*:16060-Thread]  Load com.httpproxy.server.servlet.HttpProxyServlet  mapping to  [/http/proxy/*]

2017-06-08 15:11:31.950 INFO [HTTP-*:16060-Thread] org.redkale.net.Server start
[HTTP-*:16060-Thread] HttpServer listen: /0.0.0.0:16060, threads: 64, bufferCapacity: 16400, bufferPoolSize: 2048, responsePoolSize: 1024, started in 1113 ms
2017-06-08 15:11:31.951 INFO [main] org.redkale.boot.Application start
Application started in 1113 ms
2017-06-08 15:24:24.232 INFO [main] org.redkale.boot.Application <init>
------------------------------- Redkale -------------------------------
2017-06-08 15:24:24.232 INFO [main] org.redkale.boot.Application init
APP_HOME= D:\mars-workspace\HttpProxy
APP_ADDR= 192.168.149.1
2017-06-08 15:24:25.198 INFO [HTTP-*:16060-Thread] org.redkale.boot.NodeServer init
NodeHttpServer load filter class in 897 ms
2017-06-08 15:24:25.212 INFO [HTTP-*:16060-Thread] org.redkale.boot.NodeHttpServer loadHttpServlet
[HTTP-*:16060-Thread]  Load com.httpproxy.server.servlet.HttpProxyServlet  mapping to  [/http/proxy/*]

2017-06-08 15:24:25.219 INFO [HTTP-*:16060-Thread] org.redkale.net.Server start
[HTTP-*:16060-Thread] HttpServer listen: /0.0.0.0:16060, threads: 64, bufferCapacity: 16400, bufferPoolSize: 2048, responsePoolSize: 1024, started in 1090 ms
2017-06-08 15:24:25.219 INFO [main] org.redkale.boot.Application start
Application started in 1090 ms
2017-06-08 15:24:43.913 INFO [main] org.redkale.boot.Application <init>
------------------------------- Redkale -------------------------------
2017-06-08 15:24:43.913 INFO [main] org.redkale.boot.Application init
APP_HOME= D:\mars-workspace\HttpProxy
APP_ADDR= 192.168.149.1
2017-06-08 15:24:44.874 INFO [HTTP-*:16060-Thread] org.redkale.boot.NodeServer init
NodeHttpServer load filter class in 893 ms
2017-06-08 15:24:44.886 INFO [HTTP-*:16060-Thread] org.redkale.boot.NodeHttpServer loadHttpServlet
[HTTP-*:16060-Thread]  Load com.httpproxy.server.servlet.HttpProxyServlet  mapping to  [/http/proxy/*]

2017-06-08 15:24:44.893 INFO [HTTP-*:16060-Thread] org.redkale.net.Server start
[HTTP-*:16060-Thread] HttpServer listen: /0.0.0.0:16060, threads: 64, bufferCapacity: 16400, bufferPoolSize: 2048, responsePoolSize: 1024, started in 1082 ms
2017-06-08 15:24:44.893 INFO [main] org.redkale.boot.Application start
Application started in 1082 ms
2017-06-08 15:26:04.159 INFO [main] org.redkale.boot.Application <init>
------------------------------- Redkale -------------------------------
2017-06-08 15:26:04.159 INFO [main] org.redkale.boot.Application init
APP_HOME= D:\mars-workspace\HttpProxy
APP_ADDR= 192.168.149.1
2017-06-08 15:26:05.120 INFO [HTTP-*:16060-Thread] org.redkale.boot.NodeServer init
NodeHttpServer load filter class in 889 ms
2017-06-08 15:26:05.133 INFO [HTTP-*:16060-Thread] org.redkale.boot.NodeHttpServer loadHttpServlet
[HTTP-*:16060-Thread]  Load com.httpproxy.server.servlet.HttpProxyServlet  mapping to  [/http/proxy/*]

2017-06-08 15:26:05.139 INFO [HTTP-*:16060-Thread] org.redkale.net.Server start
[HTTP-*:16060-Thread] HttpServer listen: /0.0.0.0:16060, threads: 64, bufferCapacity: 16400, bufferPoolSize: 2048, responsePoolSize: 1024, started in 1084 ms
2017-06-08 15:26:05.140 INFO [main] org.redkale.boot.Application start
Application started in 1084 ms
2017-06-08 15:27:39.896 WARNING [Server-TCP-16060-ServletThread-01] org.redkale.net.http.HttpPrepareServlet execute
Servlet occur, forece to close channel. request = HttpRequest{
    method: POST, 
    requestURI: /http/proxy/request, 
    remoteAddr: 0:0:0:0:0:0:0:1, 
    cookies: null, 
    contentType: null, 
    connection: keep-alive, 
    protocol: HTTP/1.1, 
    host: localhost:16060, 
    contentLength: -1, 
    bodyLength: 0, 
    params: {
        'data': '{signature=632ab6b0e65d4fa903ae0cd464c37c5a2540e4b0, appId=469381435b10e526015b7fcdaf1804b1, nonce=108278, timestamp=20170608152526}
',
        'url': 'https://api-mop.chinaums.com/v1/token/access',
        'isbody': 'true',
    }, 
    header: {
        'cache-control': 'no-cache',
        'Postman-Token': '826f4e95-3959-47a8-9061-93a8b3d89031',
        'User-Agent': 'PostmanRuntime/3.0.11-hotfix.2',
        'Accept': '*/*',
        'accept-encoding': 'gzip, deflate',
        'content-length': '0',
    }
}
com.alibaba.fastjson.JSONException: expect ':' at 0, actual =
	at com.alibaba.fastjson.parser.DefaultJSONParser.parseObject(DefaultJSONParser.java:266)
	at com.alibaba.fastjson.parser.deserializer.MapDeserializer.deserialze(MapDeserializer.java:63)
	at com.alibaba.fastjson.parser.deserializer.MapDeserializer.deserialze(MapDeserializer.java:44)
	at com.alibaba.fastjson.parser.DefaultJSONParser.parseObject(DefaultJSONParser.java:514)
	at com.alibaba.fastjson.JSON.parseObject(JSON.java:244)
	at com.alibaba.fastjson.JSON.parseObject(JSON.java:220)
	at com.alibaba.fastjson.JSON.parseObject(JSON.java:179)
	at com.alibaba.fastjson.JSON.parseObject(JSON.java:327)
	at com.httpproxy.server.servlet.HttpProxyServlet.request(HttpProxyServlet.java:46)
	at com.httpproxy.server.servlet.HttpProxyServlet_Dyn_request.execute(Unknown Source)
	at com.httpproxy.server.servlet.HttpProxyServlet_Dyn_request.execute(Unknown Source)
	at org.redkale.net.http.HttpBaseServlet$1.execute(HttpBaseServlet.java:200)
	at org.redkale.net.http.HttpBaseServlet$1.execute(HttpBaseServlet.java:186)
	at org.redkale.net.http.HttpBaseServlet$2.execute(HttpBaseServlet.java:216)
	at org.redkale.net.http.HttpBaseServlet$2.execute(HttpBaseServlet.java:204)
	at com.httpproxy.server.base.BaseSerlvet.preExecute(BaseSerlvet.java:51)
	at org.redkale.net.http.HttpBaseServlet.execute(HttpBaseServlet.java:301)
	at org.redkale.net.http.HttpBaseServlet.execute(HttpBaseServlet.java:31)
	at org.redkale.net.http.HttpPrepareServlet.execute(HttpPrepareServlet.java:97)
	at org.redkale.net.http.HttpPrepareServlet.execute(HttpPrepareServlet.java:28)
	at org.redkale.net.PrepareServlet.prepare(PrepareServlet.java:77)
	at org.redkale.net.PrepareRunner$1.completed(PrepareRunner.java:75)
	at org.redkale.net.PrepareRunner$1.completed(PrepareRunner.java:53)
	at sun.nio.ch.Invoker.invokeUnchecked(Invoker.java:126)
	at sun.nio.ch.Invoker.invokeUnchecked(Invoker.java:281)
	at sun.nio.ch.WindowsAsynchronousSocketChannelImpl$ReadTask.completed(WindowsAsynchronousSocketChannelImpl.java:579)
	at sun.nio.ch.Iocp$EventHandlerTask.run(Iocp.java:397)
	at sun.nio.ch.AsynchronousChannelGroupImpl$1.run(AsynchronousChannelGroupImpl.java:112)
	at java.util.concurrent.ThreadPoolExecutor.runWorker(ThreadPoolExecutor.java:1142)
	at java.util.concurrent.ThreadPoolExecutor$Worker.run(ThreadPoolExecutor.java:617)
	at java.lang.Thread.run(Thread.java:745)

2017-06-08 15:27:39.902 FINE [Server-TCP-16060-ServletThread-06] com.httpproxy.server.base.BaseSerlvet lambda$0
9 . : HttpRequest{
    method: POST, 
    requestURI: /http/proxy/request, 
    remoteAddr: 0:0:0:0:0:0:0:1, 
    cookies: null, 
    contentType: null, 
    connection: keep-alive, 
    protocol: HTTP/1.1, 
    host: localhost:16060, 
    contentLength: -1, 
    bodyLength: 0, 
    params: {
        'data': '{signature=632ab6b0e65d4fa903ae0cd464c37c5a2540e4b0, appId=469381435b10e526015b7fcdaf1804b1, nonce=108278, timestamp=20170608152526}
',
        'url': 'https://api-mop.chinaums.com/v1/token/access',
        'isbody': 'true',
    }, 
    header: {
        'cache-control': 'no-cache',
        'Postman-Token': '826f4e95-3959-47a8-9061-93a8b3d89031',
        'User-Agent': 'PostmanRuntime/3.0.11-hotfix.2',
        'Accept': '*/*',
        'accept-encoding': 'gzip, deflate',
        'content-length': '0',
    }
}
2017-06-08 15:30:15.447 WARNING [Server-TCP-16060-ServletThread-12] org.redkale.net.http.HttpPrepareServlet execute
Servlet occur, forece to close channel. request = HttpRequest{
    method: POST, 
    requestURI: /http/proxy/request, 
    remoteAddr: 0:0:0:0:0:0:0:1, 
    cookies: null, 
    contentType: null, 
    connection: keep-alive, 
    protocol: HTTP/1.1, 
    host: localhost:16060, 
    contentLength: -1, 
    bodyLength: 0, 
    params: {
        'data': '{signature:632ab6b0e65d4fa903ae0cd464c37c5a2540e4b0, appId:469381435b10e526015b7fcdaf1804b1, nonce:108278, timestamp:20170608152526}
',
        'url': 'https://api-mop.chinaums.com/v1/token/access',
        'isbody': 'true',
    }, 
    header: {
        'cache-control': 'no-cache',
        'Postman-Token': '1692f0ff-cebf-4511-940a-d34d3f6c33a6',
        'User-Agent': 'PostmanRuntime/3.0.11-hotfix.2',
        'Accept': '*/*',
        'accept-encoding': 'gzip, deflate',
        'content-length': '0',
    }
}
com.alibaba.fastjson.JSONException: syntax error, position at 0, name signature
	at com.alibaba.fastjson.parser.DefaultJSONParser.parseObject(DefaultJSONParser.java:480)
	at com.alibaba.fastjson.parser.deserializer.MapDeserializer.deserialze(MapDeserializer.java:63)
	at com.alibaba.fastjson.parser.deserializer.MapDeserializer.deserialze(MapDeserializer.java:44)
	at com.alibaba.fastjson.parser.DefaultJSONParser.parseObject(DefaultJSONParser.java:514)
	at com.alibaba.fastjson.JSON.parseObject(JSON.java:244)
	at com.alibaba.fastjson.JSON.parseObject(JSON.java:220)
	at com.alibaba.fastjson.JSON.parseObject(JSON.java:179)
	at com.alibaba.fastjson.JSON.parseObject(JSON.java:327)
	at com.httpproxy.server.servlet.HttpProxyServlet.request(HttpProxyServlet.java:46)
	at com.httpproxy.server.servlet.HttpProxyServlet_Dyn_request.execute(Unknown Source)
	at com.httpproxy.server.servlet.HttpProxyServlet_Dyn_request.execute(Unknown Source)
	at org.redkale.net.http.HttpBaseServlet$1.execute(HttpBaseServlet.java:200)
	at org.redkale.net.http.HttpBaseServlet$1.execute(HttpBaseServlet.java:186)
	at org.redkale.net.http.HttpBaseServlet$2.execute(HttpBaseServlet.java:216)
	at org.redkale.net.http.HttpBaseServlet$2.execute(HttpBaseServlet.java:204)
	at com.httpproxy.server.base.BaseSerlvet.preExecute(BaseSerlvet.java:51)
	at org.redkale.net.http.HttpBaseServlet.execute(HttpBaseServlet.java:301)
	at org.redkale.net.http.HttpBaseServlet.execute(HttpBaseServlet.java:31)
	at org.redkale.net.http.HttpPrepareServlet.execute(HttpPrepareServlet.java:97)
	at org.redkale.net.http.HttpPrepareServlet.execute(HttpPrepareServlet.java:28)
	at org.redkale.net.PrepareServlet.prepare(PrepareServlet.java:77)
	at org.redkale.net.PrepareRunner$1.completed(PrepareRunner.java:75)
	at org.redkale.net.PrepareRunner$1.completed(PrepareRunner.java:53)
	at sun.nio.ch.Invoker.invokeUnchecked(Invoker.java:126)
	at sun.nio.ch.Invoker$2.run(Invoker.java:218)
	at sun.nio.ch.AsynchronousChannelGroupImpl$1.run(AsynchronousChannelGroupImpl.java:112)
	at java.util.concurrent.ThreadPoolExecutor.runWorker(ThreadPoolExecutor.java:1142)
	at java.util.concurrent.ThreadPoolExecutor$Worker.run(ThreadPoolExecutor.java:617)
	at java.lang.Thread.run(Thread.java:745)

2017-06-08 15:30:15.452 FINE [Server-TCP-16060-ServletThread-13] com.httpproxy.server.base.BaseSerlvet lambda$0
6 . : HttpRequest{
    method: POST, 
    requestURI: /http/proxy/request, 
    remoteAddr: 0:0:0:0:0:0:0:1, 
    cookies: null, 
    contentType: null, 
    connection: keep-alive, 
    protocol: HTTP/1.1, 
    host: localhost:16060, 
    contentLength: -1, 
    bodyLength: 0, 
    params: {
        'data': '{signature:632ab6b0e65d4fa903ae0cd464c37c5a2540e4b0, appId:469381435b10e526015b7fcdaf1804b1, nonce:108278, timestamp:20170608152526}
',
        'url': 'https://api-mop.chinaums.com/v1/token/access',
        'isbody': 'true',
    }, 
    header: {
        'cache-control': 'no-cache',
        'Postman-Token': '1692f0ff-cebf-4511-940a-d34d3f6c33a6',
        'User-Agent': 'PostmanRuntime/3.0.11-hotfix.2',
        'Accept': '*/*',
        'accept-encoding': 'gzip, deflate',
        'content-length': '0',
    }
}
2017-06-08 15:30:28.630 WARNING [Server-TCP-16060-ServletThread-19] org.redkale.net.http.HttpPrepareServlet execute
Servlet occur, forece to close channel. request = HttpRequest{
    method: POST, 
    requestURI: /http/proxy/request, 
    remoteAddr: 0:0:0:0:0:0:0:1, 
    cookies: null, 
    contentType: null, 
    connection: keep-alive, 
    protocol: HTTP/1.1, 
    host: localhost:16060, 
    contentLength: -1, 
    bodyLength: 0, 
    params: {
        'data': '{signature:632ab6b0e65d4fa903ae0cd464c37c5a2540e4b0, appId:469381435b10e526015b7fcdaf1804b1, nonce:108278, timestamp:20170608152526}
',
        'url': 'https://api-mop.chinaums.com/v1/token/access',
        'isbody': 'true',
    }, 
    header: {
        'cache-control': 'no-cache',
        'Postman-Token': '4b9cfd12-e6f7-4e01-a468-b9cb5591f795',
        'User-Agent': 'PostmanRuntime/3.0.11-hotfix.2',
        'Accept': '*/*',
        'accept-encoding': 'gzip, deflate',
        'content-length': '0',
    }
}
com.alibaba.fastjson.JSONException: syntax error, position at 0, name signature
	at com.alibaba.fastjson.parser.DefaultJSONParser.parseObject(DefaultJSONParser.java:480)
	at com.alibaba.fastjson.parser.deserializer.MapDeserializer.deserialze(MapDeserializer.java:63)
	at com.alibaba.fastjson.parser.deserializer.MapDeserializer.deserialze(MapDeserializer.java:44)
	at com.alibaba.fastjson.parser.DefaultJSONParser.parseObject(DefaultJSONParser.java:514)
	at com.alibaba.fastjson.JSON.parseObject(JSON.java:244)
	at com.alibaba.fastjson.JSON.parseObject(JSON.java:220)
	at com.alibaba.fastjson.JSON.parseObject(JSON.java:179)
	at com.alibaba.fastjson.JSON.parseObject(JSON.java:327)
	at com.httpproxy.server.servlet.HttpProxyServlet.request(HttpProxyServlet.java:46)
	at com.httpproxy.server.servlet.HttpProxyServlet_Dyn_request.execute(Unknown Source)
	at com.httpproxy.server.servlet.HttpProxyServlet_Dyn_request.execute(Unknown Source)
	at org.redkale.net.http.HttpBaseServlet$1.execute(HttpBaseServlet.java:200)
	at org.redkale.net.http.HttpBaseServlet$1.execute(HttpBaseServlet.java:186)
	at org.redkale.net.http.HttpBaseServlet$2.execute(HttpBaseServlet.java:216)
	at org.redkale.net.http.HttpBaseServlet$2.execute(HttpBaseServlet.java:204)
	at com.httpproxy.server.base.BaseSerlvet.preExecute(BaseSerlvet.java:51)
	at org.redkale.net.http.HttpBaseServlet.execute(HttpBaseServlet.java:301)
	at org.redkale.net.http.HttpBaseServlet.execute(HttpBaseServlet.java:31)
	at org.redkale.net.http.HttpPrepareServlet.execute(HttpPrepareServlet.java:97)
	at org.redkale.net.http.HttpPrepareServlet.execute(HttpPrepareServlet.java:28)
	at org.redkale.net.PrepareServlet.prepare(PrepareServlet.java:77)
	at org.redkale.net.PrepareRunner$1.completed(PrepareRunner.java:75)
	at org.redkale.net.PrepareRunner$1.completed(PrepareRunner.java:53)
	at sun.nio.ch.Invoker.invokeUnchecked(Invoker.java:126)
	at sun.nio.ch.Invoker$2.run(Invoker.java:218)
	at sun.nio.ch.AsynchronousChannelGroupImpl$1.run(AsynchronousChannelGroupImpl.java:112)
	at java.util.concurrent.ThreadPoolExecutor.runWorker(ThreadPoolExecutor.java:1142)
	at java.util.concurrent.ThreadPoolExecutor$Worker.run(ThreadPoolExecutor.java:617)
	at java.lang.Thread.run(Thread.java:745)

2017-06-08 15:30:28.634 FINE [Server-TCP-16060-ServletThread-20] com.httpproxy.server.base.BaseSerlvet lambda$0
4 . : HttpRequest{
    method: POST, 
    requestURI: /http/proxy/request, 
    remoteAddr: 0:0:0:0:0:0:0:1, 
    cookies: null, 
    contentType: null, 
    connection: keep-alive, 
    protocol: HTTP/1.1, 
    host: localhost:16060, 
    contentLength: -1, 
    bodyLength: 0, 
    params: {
        'data': '{signature:632ab6b0e65d4fa903ae0cd464c37c5a2540e4b0, appId:469381435b10e526015b7fcdaf1804b1, nonce:108278, timestamp:20170608152526}
',
        'url': 'https://api-mop.chinaums.com/v1/token/access',
        'isbody': 'true',
    }, 
    header: {
        'cache-control': 'no-cache',
        'Postman-Token': '4b9cfd12-e6f7-4e01-a468-b9cb5591f795',
        'User-Agent': 'PostmanRuntime/3.0.11-hotfix.2',
        'Accept': '*/*',
        'accept-encoding': 'gzip, deflate',
        'content-length': '0',
    }
}
2017-06-08 15:31:13.373 FINE [Server-TCP-16060-ServletThread-27] com.httpproxy.server.base.BaseSerlvet lambda$0
19 . : HttpRequest{
    method: POST, 
    requestURI: /http/proxy/request, 
    remoteAddr: 0:0:0:0:0:0:0:1, 
    cookies: null, 
    contentType: null, 
    connection: keep-alive, 
    protocol: HTTP/1.1, 
    host: localhost:16060, 
    contentLength: -1, 
    bodyLength: 0, 
    params: {
        'data': '{'signature':'632ab6b0e65d4fa903ae0cd464c37c5a2540e4b0', 'appId':'469381435b10e526015b7fcdaf1804b1', 'nonce':'108278', 'timestamp':'20170608152526'}
',
        'url': 'https://api-mop.chinaums.com/v1/token/access',
        'isbody': 'true',
    }, 
    header: {
        'cache-control': 'no-cache',
        'Postman-Token': '750ccd3b-e3dc-4448-9cf5-5fc2f018cfd4',
        'User-Agent': 'PostmanRuntime/3.0.11-hotfix.2',
        'Accept': '*/*',
        'accept-encoding': 'gzip, deflate',
        'content-length': '0',
    }
}
2017-06-08 15:31:35.905 FINE [Server-TCP-16060-ServletThread-30] com.httpproxy.server.base.BaseSerlvet lambda$0
2 . : HttpRequest{
    method: POST, 
    requestURI: /http/proxy/request, 
    remoteAddr: 0:0:0:0:0:0:0:1, 
    cookies: null, 
    contentType: null, 
    connection: keep-alive, 
    protocol: HTTP/1.1, 
    host: localhost:16060, 
    contentLength: -1, 
    bodyLength: 0, 
    params: {
        'data': '{'signature':'632ab6b0e65d4fa903ae0cd464c37c5a2540e4b0', 'appId':'469381435b10e526015b7fcdaf1804b1', 'nonce':'108278', 'timestamp':'20170608152526'}
',
        'url': 'https://api-mop.chinaums.com/v1/token/access',
        'isbody': 'true',
    }, 
    header: {
        'cache-control': 'no-cache',
        'Postman-Token': '30dcf4b4-8b5e-4d1f-bce1-b23676496882',
        'User-Agent': 'PostmanRuntime/3.0.11-hotfix.2',
        'Accept': '*/*',
        'accept-encoding': 'gzip, deflate',
        'content-length': '0',
    }
}
2017-06-08 15:32:30.650 INFO [main] org.redkale.boot.Application <init>
------------------------------- Redkale -------------------------------
2017-06-08 15:32:30.651 INFO [main] org.redkale.boot.Application init
APP_HOME= D:\mars-workspace\HttpProxy
APP_ADDR= 192.168.149.1
2017-06-08 15:32:31.809 INFO [HTTP-*:16060-Thread] org.redkale.boot.NodeServer init
NodeHttpServer load filter class in 1080 ms
2017-06-08 15:32:31.823 INFO [HTTP-*:16060-Thread] org.redkale.boot.NodeHttpServer loadHttpServlet
[HTTP-*:16060-Thread]  Load com.httpproxy.server.servlet.HttpProxyServlet  mapping to  [/http/proxy/*]

2017-06-08 15:32:31.833 INFO [HTTP-*:16060-Thread] org.redkale.net.Server start
[HTTP-*:16060-Thread] HttpServer listen: /0.0.0.0:16060, threads: 64, bufferCapacity: 16400, bufferPoolSize: 2048, responsePoolSize: 1024, started in 1303 ms
2017-06-08 15:32:31.833 INFO [main] org.redkale.boot.Application start
Application started in 1305 ms
2017-06-08 15:32:35.311 FINE [Server-TCP-16060-ServletThread-08] com.httpproxy.server.base.BaseSerlvet lambda$0
29 . : HttpRequest{
    method: POST, 
    requestURI: /http/proxy/request, 
    remoteAddr: 0:0:0:0:0:0:0:1, 
    cookies: null, 
    contentType: null, 
    connection: keep-alive, 
    protocol: HTTP/1.1, 
    host: localhost:16060, 
    contentLength: -1, 
    bodyLength: 0, 
    params: {
        'data': '{'signature':'632ab6b0e65d4fa903ae0cd464c37c5a2540e4b0', 'appId':'469381435b10e526015b7fcdaf1804b1', 'nonce':'108278', 'timestamp':'20170608152526'}
',
        'url': 'https://api-mop.chinaums.com/v1/token/access',
        'isbody': 'true',
    }, 
    header: {
        'cache-control': 'no-cache',
        'Postman-Token': '2530c054-d03b-4df0-8649-244b5b061db1',
        'User-Agent': 'PostmanRuntime/3.0.11-hotfix.2',
        'Accept': '*/*',
        'accept-encoding': 'gzip, deflate',
        'content-length': '0',
    }
}
2017-06-08 15:33:31.735 INFO [main] org.redkale.boot.Application <init>
------------------------------- Redkale -------------------------------
2017-06-08 15:33:31.735 INFO [main] org.redkale.boot.Application init
APP_HOME= D:\mars-workspace\HttpProxy
APP_ADDR= 192.168.149.1
2017-06-08 15:33:32.707 INFO [HTTP-*:16060-Thread] org.redkale.boot.NodeServer init
NodeHttpServer load filter class in 905 ms
2017-06-08 15:33:32.720 INFO [HTTP-*:16060-Thread] org.redkale.boot.NodeHttpServer loadHttpServlet
[HTTP-*:16060-Thread]  Load com.httpproxy.server.servlet.HttpProxyServlet  mapping to  [/http/proxy/*]

2017-06-08 15:33:32.727 INFO [HTTP-*:16060-Thread] org.redkale.net.Server start
[HTTP-*:16060-Thread] HttpServer listen: /0.0.0.0:16060, threads: 64, bufferCapacity: 16400, bufferPoolSize: 2048, responsePoolSize: 1024, started in 1096 ms
2017-06-08 15:33:32.727 INFO [main] org.redkale.boot.Application start
Application started in 1096 ms
2017-06-08 15:33:36.651 FINE [Server-TCP-16060-ServletThread-06] com.httpproxy.server.base.BaseSerlvet lambda$0
18 . : HttpRequest{
    method: POST, 
    requestURI: /http/proxy/request, 
    remoteAddr: 0:0:0:0:0:0:0:1, 
    cookies: null, 
    contentType: null, 
    connection: keep-alive, 
    protocol: HTTP/1.1, 
    host: localhost:16060, 
    contentLength: -1, 
    bodyLength: 0, 
    params: {
        'data': '{'signature':'632ab6b0e65d4fa903ae0cd464c37c5a2540e4b0', 'appId':'469381435b10e526015b7fcdaf1804b1', 'nonce':'108278', 'timestamp':'20170608152526'}
',
        'url': 'https://api-mop.chinaums.com/v1/token/access',
        'isbody': 'true',
    }, 
    header: {
        'cache-control': 'no-cache',
        'Postman-Token': '6212d4e9-2bb8-42e7-8694-9d08ed75c8e2',
        'User-Agent': 'PostmanRuntime/3.0.11-hotfix.2',
        'Accept': '*/*',
        'accept-encoding': 'gzip, deflate',
        'content-length': '0',
    }
}
2017-06-08 15:34:11.208 INFO [main] org.redkale.boot.Application <init>
------------------------------- Redkale -------------------------------
2017-06-08 15:34:11.209 INFO [main] org.redkale.boot.Application init
APP_HOME= D:\mars-workspace\HttpProxy
APP_ADDR= 192.168.149.1
2017-06-08 15:34:12.348 INFO [HTTP-*:16060-Thread] org.redkale.boot.NodeServer init
NodeHttpServer load filter class in 1064 ms
2017-06-08 15:34:12.362 INFO [HTTP-*:16060-Thread] org.redkale.boot.NodeHttpServer loadHttpServlet
[HTTP-*:16060-Thread]  Load com.httpproxy.server.servlet.HttpProxyServlet  mapping to  [/http/proxy/*]

2017-06-08 15:34:12.371 INFO [HTTP-*:16060-Thread] org.redkale.net.Server start
[HTTP-*:16060-Thread] HttpServer listen: /0.0.0.0:16060, threads: 64, bufferCapacity: 16400, bufferPoolSize: 2048, responsePoolSize: 1024, started in 1283 ms
2017-06-08 15:34:12.371 INFO [main] org.redkale.boot.Application start
Application started in 1284 ms
2017-06-08 15:34:14.830 FINE [Server-TCP-16060-ServletThread-06] com.httpproxy.server.base.BaseSerlvet lambda$0
26 . : HttpRequest{
    method: POST, 
    requestURI: /http/proxy/request, 
    remoteAddr: 0:0:0:0:0:0:0:1, 
    cookies: null, 
    contentType: null, 
    connection: keep-alive, 
    protocol: HTTP/1.1, 
    host: localhost:16060, 
    contentLength: -1, 
    bodyLength: 0, 
    params: {
        'data': '{'signature':'632ab6b0e65d4fa903ae0cd464c37c5a2540e4b0', 'appId':'469381435b10e526015b7fcdaf1804b1', 'nonce':'108278', 'timestamp':'20170608152526'}
',
        'url': 'https://api-mop.chinaums.com/v1/token/access',
        'isbody': 'true',
    }, 
    header: {
        'cache-control': 'no-cache',
        'Postman-Token': 'd6c53045-c3e3-4ecc-9137-279b9fb01523',
        'User-Agent': 'PostmanRuntime/3.0.11-hotfix.2',
        'Accept': '*/*',
        'accept-encoding': 'gzip, deflate',
        'content-length': '0',
    }
}
2017-06-08 15:34:54.322 INFO [main] org.redkale.boot.Application <init>
------------------------------- Redkale -------------------------------
2017-06-08 15:34:54.323 INFO [main] org.redkale.boot.Application init
APP_HOME= D:\mars-workspace\HttpProxy
APP_ADDR= 192.168.149.1
2017-06-08 15:34:55.465 INFO [HTTP-*:16060-Thread] org.redkale.boot.NodeServer init
NodeHttpServer load filter class in 1067 ms
2017-06-08 15:34:55.480 INFO [HTTP-*:16060-Thread] org.redkale.boot.NodeHttpServer loadHttpServlet
[HTTP-*:16060-Thread]  Load com.httpproxy.server.servlet.HttpProxyServlet  mapping to  [/http/proxy/*]

2017-06-08 15:34:55.488 INFO [HTTP-*:16060-Thread] org.redkale.net.Server start
[HTTP-*:16060-Thread] HttpServer listen: /0.0.0.0:16060, threads: 64, bufferCapacity: 16400, bufferPoolSize: 2048, responsePoolSize: 1024, started in 1289 ms
2017-06-08 15:34:55.489 INFO [main] org.redkale.boot.Application start
Application started in 1289 ms
2017-06-08 15:35:14.254 FINE [Server-TCP-16060-ServletThread-07] com.httpproxy.server.base.BaseSerlvet lambda$0
27 . : HttpRequest{
    method: POST, 
    requestURI: /http/proxy/request, 
    remoteAddr: 0:0:0:0:0:0:0:1, 
    cookies: null, 
    contentType: null, 
    connection: keep-alive, 
    protocol: HTTP/1.1, 
    host: localhost:16060, 
    contentLength: -1, 
    bodyLength: 0, 
    params: {
        'data': '{'signature':'632ab6b0e65d4fa903ae0cd464c37c5a2540e4b0', 'appId':'469381435b10e526015b7fcdaf1804b1', 'nonce':'108278', 'timestamp':'20170608152526'}
',
        'url': 'https://api-mop.chinaums.com/v1/token/access',
        'isbody': 'true',
    }, 
    header: {
        'cache-control': 'no-cache',
        'Postman-Token': '3a843978-d0e8-4363-a4cd-8af80b25d5e5',
        'User-Agent': 'PostmanRuntime/3.0.11-hotfix.2',
        'Accept': '*/*',
        'accept-encoding': 'gzip, deflate',
        'content-length': '0',
    }
}
2017-06-08 15:35:40.157 INFO [main] org.redkale.boot.Application <init>
------------------------------- Redkale -------------------------------
2017-06-08 15:35:40.157 INFO [main] org.redkale.boot.Application init
APP_HOME= D:\mars-workspace\HttpProxy
APP_ADDR= 192.168.149.1
2017-06-08 15:35:41.297 INFO [HTTP-*:16060-Thread] org.redkale.boot.NodeServer init
NodeHttpServer load filter class in 1064 ms
2017-06-08 15:35:41.310 INFO [HTTP-*:16060-Thread] org.redkale.boot.NodeHttpServer loadHttpServlet
[HTTP-*:16060-Thread]  Load com.httpproxy.server.servlet.HttpProxyServlet  mapping to  [/http/proxy/*]

2017-06-08 15:35:41.319 INFO [HTTP-*:16060-Thread] org.redkale.net.Server start
[HTTP-*:16060-Thread] HttpServer listen: /0.0.0.0:16060, threads: 64, bufferCapacity: 16400, bufferPoolSize: 2048, responsePoolSize: 1024, started in 1281 ms
2017-06-08 15:35:41.320 INFO [main] org.redkale.boot.Application start
Application started in 1281 ms
2017-06-08 15:36:06.708 INFO [main] org.redkale.boot.Application <init>
------------------------------- Redkale -------------------------------
2017-06-08 15:36:06.709 INFO [main] org.redkale.boot.Application init
APP_HOME= D:\mars-workspace\HttpProxy
APP_ADDR= 192.168.149.1
2017-06-08 15:36:07.988 INFO [HTTP-*:16060-Thread] org.redkale.boot.NodeServer init
NodeHttpServer load filter class in 1064 ms
2017-06-08 15:36:08.002 INFO [HTTP-*:16060-Thread] org.redkale.boot.NodeHttpServer loadHttpServlet
[HTTP-*:16060-Thread]  Load com.httpproxy.server.servlet.HttpProxyServlet  mapping to  [/http/proxy/*]

2017-06-08 15:36:08.010 INFO [HTTP-*:16060-Thread] org.redkale.net.Server start
[HTTP-*:16060-Thread] HttpServer listen: /0.0.0.0:16060, threads: 64, bufferCapacity: 16400, bufferPoolSize: 2048, responsePoolSize: 1024, started in 1454 ms
2017-06-08 15:36:08.012 INFO [main] org.redkale.boot.Application start
Application started in 1454 ms
2017-06-08 15:37:38.813 INFO [main] org.redkale.boot.Application <init>
------------------------------- Redkale -------------------------------
2017-06-08 15:37:38.813 INFO [main] org.redkale.boot.Application init
APP_HOME= D:\mars-workspace\HttpProxy
APP_ADDR= 192.168.149.1
2017-06-08 15:37:39.780 INFO [HTTP-*:16060-Thread] org.redkale.boot.NodeServer init
NodeHttpServer load filter class in 899 ms
2017-06-08 15:37:39.793 INFO [HTTP-*:16060-Thread] org.redkale.boot.NodeHttpServer loadHttpServlet
[HTTP-*:16060-Thread]  Load com.httpproxy.server.servlet.HttpProxyServlet  mapping to  [/http/proxy/*]

2017-06-08 15:37:39.800 INFO [HTTP-*:16060-Thread] org.redkale.net.Server start
[HTTP-*:16060-Thread] HttpServer listen: /0.0.0.0:16060, threads: 64, bufferCapacity: 16400, bufferPoolSize: 2048, responsePoolSize: 1024, started in 1090 ms
2017-06-08 15:37:39.800 INFO [main] org.redkale.boot.Application start
Application started in 1090 ms
2017-06-08 15:37:43.360 FINE [Server-TCP-16060-ServletThread-06] com.httpproxy.server.base.BaseSerlvet lambda$0
17 . : HttpRequest{
    method: POST, 
    requestURI: /http/proxy/request, 
    remoteAddr: 0:0:0:0:0:0:0:1, 
    cookies: null, 
    contentType: null, 
    connection: keep-alive, 
    protocol: HTTP/1.1, 
    host: localhost:16060, 
    contentLength: -1, 
    bodyLength: 0, 
    params: {
        'data': '{'signature':'632ab6b0e65d4fa903ae0cd464c37c5a2540e4b0', 'appId':'469381435b10e526015b7fcdaf1804b1', 'nonce':'108278', 'timestamp':'20170608152526'}
',
        'url': 'https://api-mop.chinaums.com/v1/token/access',
        'isbody': 'true',
    }, 
    header: {
        'cache-control': 'no-cache',
        'Postman-Token': '07f52718-dd3a-4c16-bdf9-1154a12da592',
        'User-Agent': 'PostmanRuntime/3.0.11-hotfix.2',
        'Accept': '*/*',
        'accept-encoding': 'gzip, deflate',
        'content-length': '0',
    }
}
2017-06-08 15:37:43.539 SEVERE [pool-1-thread-1] com.httpproxy.common.util.LogUtils error
Http7b1a957c-fb3e-4eda-8a4a-e21ac7496cbe
java.lang.NullPointerException
	at com.httpproxy.client.HttpProtocolHandler.execute(HttpProtocolHandler.java:140)
	at com.httpproxy.client.HttpOperator.buildRequest(HttpOperator.java:41)
	at com.httpproxy.client.HttpOperator.buildRequest(HttpOperator.java:19)
	at com.httpproxy.dispatcher.runnable.RequsetRunnable.run(RequsetRunnable.java:19)
	at java.util.concurrent.ThreadPoolExecutor.runWorker(ThreadPoolExecutor.java:1142)
	at java.util.concurrent.ThreadPoolExecutor$Worker.run(ThreadPoolExecutor.java:617)
	at java.lang.Thread.run(Thread.java:745)

2017-06-08 15:40:14.318 INFO [main] org.redkale.boot.Application <init>
------------------------------- Redkale -------------------------------
2017-06-08 15:40:14.319 INFO [main] org.redkale.boot.Application init
APP_HOME= D:\mars-workspace\HttpProxy
APP_ADDR= 192.168.149.1
2017-06-08 15:40:15.278 INFO [HTTP-*:16060-Thread] org.redkale.boot.NodeServer init
NodeHttpServer load filter class in 890 ms
2017-06-08 15:40:15.291 INFO [HTTP-*:16060-Thread] org.redkale.boot.NodeHttpServer loadHttpServlet
[HTTP-*:16060-Thread]  Load com.httpproxy.server.servlet.HttpProxyServlet  mapping to  [/http/proxy/*]

2017-06-08 15:40:15.298 INFO [HTTP-*:16060-Thread] org.redkale.net.Server start
[HTTP-*:16060-Thread] HttpServer listen: /0.0.0.0:16060, threads: 64, bufferCapacity: 16400, bufferPoolSize: 2048, responsePoolSize: 1024, started in 1082 ms
2017-06-08 15:40:15.299 INFO [main] org.redkale.boot.Application start
Application started in 1082 ms
2017-06-08 15:40:18.995 FINE [Server-TCP-16060-ServletThread-06] com.httpproxy.server.base.BaseSerlvet lambda$0
17 . : HttpRequest{
    method: POST, 
    requestURI: /http/proxy/request, 
    remoteAddr: 0:0:0:0:0:0:0:1, 
    cookies: null, 
    contentType: null, 
    connection: keep-alive, 
    protocol: HTTP/1.1, 
    host: localhost:16060, 
    contentLength: -1, 
    bodyLength: 0, 
    params: {
        'data': '{'signature':'632ab6b0e65d4fa903ae0cd464c37c5a2540e4b0', 'appId':'469381435b10e526015b7fcdaf1804b1', 'nonce':'108278', 'timestamp':'20170608152526'}
',
        'url': 'https://api-mop.chinaums.com/v1/token/access',
        'isbody': 'true',
    }, 
    header: {
        'cache-control': 'no-cache',
        'Postman-Token': '73df33d5-fc1f-48df-8679-9e365b7b8ba2',
        'User-Agent': 'PostmanRuntime/3.0.11-hotfix.2',
        'Accept': '*/*',
        'accept-encoding': 'gzip, deflate',
        'content-length': '0',
    }
}
2017-06-08 15:40:19.162 FINE [pool-1-thread-1] org.apache.commons.logging.impl.Jdk14Logger log
>> "POST /v1/token/access HTTP/1.1[\r][\n]"
2017-06-08 15:40:19.163 FINE [pool-1-thread-1] org.apache.commons.logging.impl.Jdk14Logger log
>> "Content-Type: application/json; text/html; charset=UTF8[\r][\n]"
2017-06-08 15:40:19.163 FINE [pool-1-thread-1] org.apache.commons.logging.impl.Jdk14Logger log
>> "User-Agent: Mozilla/4.0[\r][\n]"
2017-06-08 15:40:19.163 FINE [pool-1-thread-1] org.apache.commons.logging.impl.Jdk14Logger log
>> "Host: api-mop.chinaums.com[\r][\n]"
2017-06-08 15:40:19.163 FINE [pool-1-thread-1] org.apache.commons.logging.impl.Jdk14Logger log
>> "Content-Length: 145[\r][\n]"
2017-06-08 15:40:19.164 FINE [pool-1-thread-1] org.apache.commons.logging.impl.Jdk14Logger log
>> "[\r][\n]"
2017-06-08 15:40:19.164 FINE [pool-1-thread-1] org.apache.commons.logging.impl.Jdk14Logger log
>> "{"appId":"469381435b10e526015b7fcdaf1804b1","nonce":"108278","signature":"632ab6b0e65d4fa903ae0cd464c37c5a2540e4b0","timestamp":"20170608152526"}"
2017-06-08 15:40:19.272 FINE [pool-1-thread-1] org.apache.commons.logging.impl.Jdk14Logger log
<< "HTTP/1.1 200 OK[\r][\n]"
2017-06-08 15:40:19.274 FINE [pool-1-thread-1] org.apache.commons.logging.impl.Jdk14Logger log
<< "Date: Thu, 08 Jun 2017 07:40:20 GMT[\r][\n]"
2017-06-08 15:40:19.275 FINE [pool-1-thread-1] org.apache.commons.logging.impl.Jdk14Logger log
<< "Server: Tengine/2.1.0[\r][\n]"
2017-06-08 15:40:19.277 FINE [pool-1-thread-1] org.apache.commons.logging.impl.Jdk14Logger log
<< "Content-Type: application/json;charset=UTF-8[\r][\n]"
2017-06-08 15:40:19.278 FINE [pool-1-thread-1] org.apache.commons.logging.impl.Jdk14Logger log
<< "Transfer-Encoding: chunked[\r][\n]"
2017-06-08 15:40:19.279 FINE [pool-1-thread-1] org.apache.commons.logging.impl.Jdk14Logger log
<< "X-Via: 1.1 yzh99:1 (Cdn Cache Server V2.0)[\r][\n]"
2017-06-08 15:40:19.282 FINE [pool-1-thread-1] org.apache.commons.logging.impl.Jdk14Logger log
<< "Connection: keep-alive[\r][\n]"
2017-06-08 15:40:19.287 FINE [pool-1-thread-1] org.apache.commons.logging.impl.Jdk14Logger log
<< "6"
2017-06-08 15:40:19.287 FINE [pool-1-thread-1] org.apache.commons.logging.impl.Jdk14Logger log
<< "7"
2017-06-08 15:40:19.289 FINE [pool-1-thread-1] org.apache.commons.logging.impl.Jdk14Logger log
<< "[\r]"
2017-06-08 15:40:19.290 FINE [pool-1-thread-1] org.apache.commons.logging.impl.Jdk14Logger log
<< "[\n]"
2017-06-08 15:40:19.291 FINE [pool-1-thread-1] org.apache.commons.logging.impl.Jdk14Logger log
<< "{"errCode":"0000","errInfo":"[0xe6][0xad][0xa3][0xe5][0xb8][0xb8]","accessToken":"fabd880a84f24054bafc39fde8433e15","expiresIn":3600}"
2017-06-08 15:40:19.292 FINE [pool-1-thread-1] org.apache.commons.logging.impl.Jdk14Logger log
<< "[\r]"
2017-06-08 15:40:19.294 FINE [pool-1-thread-1] org.apache.commons.logging.impl.Jdk14Logger log
<< "[\n]"
2017-06-08 15:40:19.295 FINE [pool-1-thread-1] org.apache.commons.logging.impl.Jdk14Logger log
<< "0"
2017-06-08 15:40:19.295 FINE [pool-1-thread-1] org.apache.commons.logging.impl.Jdk14Logger log
<< "[\r]"
2017-06-08 15:40:19.298 FINE [pool-1-thread-1] org.apache.commons.logging.impl.Jdk14Logger log
<< "[\n]"
2017-06-08 15:40:19.298 FINE [pool-1-thread-1] org.apache.commons.logging.impl.Jdk14Logger log
<< "[\r]"
2017-06-08 15:40:19.299 FINE [pool-1-thread-1] org.apache.commons.logging.impl.Jdk14Logger log
<< "[\n]"
2017-06-08 15:40:19.300 FINE [pool-1-thread-1] com.httpproxy.common.util.LogUtils info
{"errCode":"0000","errInfo":"","accessToken":"fabd880a84f24054bafc39fde8433e15","expiresIn":3600}
2017-06-08 15:42:00.066 INFO [main] org.redkale.boot.Application <init>
------------------------------- Redkale -------------------------------
2017-06-08 15:42:00.066 INFO [main] org.redkale.boot.Application init
APP_HOME= D:\mars-workspace\HttpProxy
APP_ADDR= 192.168.149.1
2017-06-08 15:42:01.023 INFO [HTTP-*:16060-Thread] org.redkale.boot.NodeServer init
NodeHttpServer load filter class in 889 ms
2017-06-08 15:42:01.036 INFO [HTTP-*:16060-Thread] org.redkale.boot.NodeHttpServer loadHttpServlet
[HTTP-*:16060-Thread]  Load com.httpproxy.server.servlet.HttpProxyServlet  mapping to  [/http/proxy/*]

2017-06-08 15:42:01.043 INFO [HTTP-*:16060-Thread] org.redkale.net.Server start
[HTTP-*:16060-Thread] HttpServer listen: /0.0.0.0:16060, threads: 64, bufferCapacity: 16400, bufferPoolSize: 2048, responsePoolSize: 1024, started in 1083 ms
2017-06-08 15:42:01.043 INFO [main] org.redkale.boot.Application start
Application started in 1083 ms
2017-06-08 15:42:06.000 FINE [Server-TCP-16060-ServletThread-06] com.httpproxy.server.base.BaseSerlvet lambda$0
18 . : HttpRequest{
    method: POST, 
    requestURI: /http/proxy/request, 
    remoteAddr: 0:0:0:0:0:0:0:1, 
    cookies: null, 
    contentType: null, 
    connection: keep-alive, 
    protocol: HTTP/1.1, 
    host: localhost:16060, 
    contentLength: -1, 
    bodyLength: 0, 
    params: {
        'data': '{'signature':'632ab6b0e65d4fa903ae0cd464c37c5a2540e4b0', 'appId':'469381435b10e526015b7fcdaf1804b1', 'nonce':'108278', 'timestamp':'20170608152526'}
',
        'url': 'https://api-mop.chinaums.com/v1/token/access',
        'isbody': 'true',
    }, 
    header: {
        'cache-control': 'no-cache',
        'Postman-Token': 'a839a569-b3f7-49c1-b608-d19c93df5155',
        'User-Agent': 'PostmanRuntime/3.0.11-hotfix.2',
        'Accept': '*/*',
        'accept-encoding': 'gzip, deflate',
        'content-length': '0',
    }
}
2017-06-08 15:42:06.556 FINE [pool-1-thread-1] com.httpproxy.common.util.LogUtils info
{"errCode":"0000","errInfo":"","accessToken":"636b455d141c4caa9d146e4e70d8e6fd","expiresIn":3600}
